[INFO] (2016-11-08 16:43:05,870) Config file successfully read
[INFO] (2016-11-08 16:43:05,895) Connection to database 'TEMPLeidos' successful
[INFO] (2016-11-08 16:43:05,895) Database 'TEMPLeidos' successfully initialized
[INFO] (2016-11-08 16:43:05,895) Starting tokenizer
[INFO] (2016-11-08 16:43:05,896) Project ids start at 2700000028 and file ids start at 118
[INFO] (2016-11-08 16:43:05,896) Editing tokenizer config file in 'bin/tokenizer/config.ini'
[INFO] (2016-11-08 16:43:05,896) Starting tokenizer, output in 'bin/tokenizer/output-1478652185.9'
[INFO] (2016-11-08 16:43:06,015) Tokenizer finished
[INFO] (2016-11-08 16:43:06,016) Starting importing to database 'TEMPLeidos' from folder 'bin/tokenizer/output-1478652185.9'
[INFO] (2016-11-08 16:43:06,016) Importing from bin/tokenizer/output-1478652185.9/bookkeeping_projs/bookkeeping-proj-1.projs
[INFO] (2016-11-08 16:43:06,016) Importing from bin/tokenizer/output-1478652185.9/bookkeeping_projs/bookkeeping-proj-2.projs
[INFO] (2016-11-08 16:43:06,017) Importing from bin/tokenizer/output-1478652185.9/bookkeeping_projs/bookkeeping-proj-0.projs
[INFO] (2016-11-08 16:43:06,017) Importing from bin/tokenizer/output-1478652185.9/bookkeeping_projs/bookkeeping-proj-3.projs
[INFO] (2016-11-08 16:43:06,017) Importing from bin/tokenizer/output-1478652185.9/bookkeeping_projs/bookkeeping-proj-4.projs
[INFO] (2016-11-08 16:43:06,017) Importing from bin/tokenizer/output-1478652185.9/bookkeeping_projs/bookkeeping-proj-5.projs
[INFO] (2016-11-08 16:43:06,017) Importing from bin/tokenizer/output-1478652185.9/bookkeeping_projs/bookkeeping-proj-6.projs
[INFO] (2016-11-08 16:43:06,018) Importing from bin/tokenizer/output-1478652185.9/files_stats/files-stats-5.stats
[INFO] (2016-11-08 16:43:06,018) Importing from bin/tokenizer/output-1478652185.9/files_stats/files-stats-4.stats
[INFO] (2016-11-08 16:43:06,020) Importing from bin/tokenizer/output-1478652185.9/files_stats/files-stats-3.stats
[INFO] (2016-11-08 16:43:06,021) Importing from bin/tokenizer/output-1478652185.9/files_stats/files-stats-2.stats
[INFO] (2016-11-08 16:43:06,023) Importing from bin/tokenizer/output-1478652185.9/files_stats/files-stats-0.stats
[INFO] (2016-11-08 16:43:06,023) Importing from bin/tokenizer/output-1478652185.9/files_stats/files-stats-6.stats
[INFO] (2016-11-08 16:43:06,024) Importing from bin/tokenizer/output-1478652185.9/files_stats/files-stats-1.stats
[INFO] (2016-11-08 16:43:06,033) Importing from bin/tokenizer/output-1478652185.9/files_tokens/files-tokens-1.tokens
[INFO] (2016-11-08 16:43:06,041) Importing from bin/tokenizer/output-1478652185.9/files_tokens/files-tokens-2.tokens
[INFO] (2016-11-08 16:43:06,043) Importing from bin/tokenizer/output-1478652185.9/files_tokens/files-tokens-5.tokens
[INFO] (2016-11-08 16:43:06,044) Importing from bin/tokenizer/output-1478652185.9/files_tokens/files-tokens-6.tokens
[INFO] (2016-11-08 16:43:06,044) Importing from bin/tokenizer/output-1478652185.9/files_tokens/files-tokens-0.tokens
[INFO] (2016-11-08 16:43:06,044) Importing from bin/tokenizer/output-1478652185.9/files_tokens/files-tokens-4.tokens
[INFO] (2016-11-08 16:43:06,046) Importing from bin/tokenizer/output-1478652185.9/files_tokens/files-tokens-3.tokens
[INFO] (2016-11-08 16:43:06,047) All information successfully imported to database
