[INFO] (2016-11-08 16:39:57,708) Config file successfully read
[INFO] (2016-11-08 16:39:57,733) Connection to database 'TEMPLeidos' successful
[INFO] (2016-11-08 16:39:57,733) Database 'TEMPLeidos' successfully initialized
[INFO] (2016-11-08 16:39:57,733) Starting tokenizer
[INFO] (2016-11-08 16:39:57,734) Project ids start at 2400000025 and file ids start at 105
[INFO] (2016-11-08 16:39:57,734) Editing tokenizer config file in 'bin/tokenizer/config.ini'
[INFO] (2016-11-08 16:39:57,734) Starting tokenizer, output in 'bin/tokenizer/output-1478651997.73'
[INFO] (2016-11-08 16:39:57,867) Tokenizer finished
[INFO] (2016-11-08 16:39:57,867) Starting importing to database 'TEMPLeidos' from folder 'bin/tokenizer/output-1478651997.73'
[INFO] (2016-11-08 16:39:57,867) Importing from bin/tokenizer/output-1478651997.73/bookkeeping_projs/bookkeeping-proj-1.projs
[INFO] (2016-11-08 16:39:57,868) Importing from bin/tokenizer/output-1478651997.73/bookkeeping_projs/bookkeeping-proj-2.projs
[INFO] (2016-11-08 16:39:57,868) Importing from bin/tokenizer/output-1478651997.73/bookkeeping_projs/bookkeeping-proj-0.projs
[INFO] (2016-11-08 16:39:57,868) Importing from bin/tokenizer/output-1478651997.73/bookkeeping_projs/bookkeeping-proj-3.projs
[INFO] (2016-11-08 16:39:57,868) Importing from bin/tokenizer/output-1478651997.73/bookkeeping_projs/bookkeeping-proj-4.projs
[INFO] (2016-11-08 16:39:57,868) Importing from bin/tokenizer/output-1478651997.73/bookkeeping_projs/bookkeeping-proj-5.projs
[INFO] (2016-11-08 16:39:57,869) Importing from bin/tokenizer/output-1478651997.73/bookkeeping_projs/bookkeeping-proj-6.projs
[INFO] (2016-11-08 16:39:57,869) Importing from bin/tokenizer/output-1478651997.73/files_stats/files-stats-5.stats
[INFO] (2016-11-08 16:39:57,870) Importing from bin/tokenizer/output-1478651997.73/files_stats/files-stats-4.stats
[INFO] (2016-11-08 16:39:57,871) Importing from bin/tokenizer/output-1478651997.73/files_stats/files-stats-3.stats
[INFO] (2016-11-08 16:39:57,872) Importing from bin/tokenizer/output-1478651997.73/files_stats/files-stats-2.stats
[INFO] (2016-11-08 16:39:57,874) Importing from bin/tokenizer/output-1478651997.73/files_stats/files-stats-0.stats
[INFO] (2016-11-08 16:39:57,875) Importing from bin/tokenizer/output-1478651997.73/files_stats/files-stats-6.stats
[INFO] (2016-11-08 16:39:57,876) Importing from bin/tokenizer/output-1478651997.73/files_stats/files-stats-1.stats
[INFO] (2016-11-08 16:39:57,888) Importing from bin/tokenizer/output-1478651997.73/files_tokens/files-tokens-1.tokens
[INFO] (2016-11-08 16:39:57,898) Importing from bin/tokenizer/output-1478651997.73/files_tokens/files-tokens-2.tokens
[INFO] (2016-11-08 16:39:57,900) Importing from bin/tokenizer/output-1478651997.73/files_tokens/files-tokens-5.tokens
[INFO] (2016-11-08 16:39:57,902) Importing from bin/tokenizer/output-1478651997.73/files_tokens/files-tokens-6.tokens
[INFO] (2016-11-08 16:39:57,902) Importing from bin/tokenizer/output-1478651997.73/files_tokens/files-tokens-0.tokens
[INFO] (2016-11-08 16:39:57,903) Importing from bin/tokenizer/output-1478651997.73/files_tokens/files-tokens-4.tokens
[INFO] (2016-11-08 16:39:57,905) Importing from bin/tokenizer/output-1478651997.73/files_tokens/files-tokens-3.tokens
[INFO] (2016-11-08 16:39:57,906) All information successfully imported to database
