[INFO] (2016-11-08 16:39:53,909) Config file successfully read
[INFO] (2016-11-08 16:39:53,935) Connection to database 'TEMPLeidos' successful
[INFO] (2016-11-08 16:39:53,935) Database 'TEMPLeidos' successfully initialized
[INFO] (2016-11-08 16:39:53,935) Starting tokenizer
[INFO] (2016-11-08 16:39:53,936) Project ids start at 600000007 and file ids start at 27
[INFO] (2016-11-08 16:39:53,936) Editing tokenizer config file in 'bin/tokenizer/config.ini'
[INFO] (2016-11-08 16:39:53,936) Starting tokenizer, output in 'bin/tokenizer/output-1478651993.94'
[INFO] (2016-11-08 16:39:54,057) Tokenizer finished
[INFO] (2016-11-08 16:39:54,057) Starting importing to database 'TEMPLeidos' from folder 'bin/tokenizer/output-1478651993.94'
[INFO] (2016-11-08 16:39:54,058) Importing from bin/tokenizer/output-1478651993.94/bookkeeping_projs/bookkeeping-proj-1.projs
[INFO] (2016-11-08 16:39:54,058) Importing from bin/tokenizer/output-1478651993.94/bookkeeping_projs/bookkeeping-proj-2.projs
[INFO] (2016-11-08 16:39:54,058) Importing from bin/tokenizer/output-1478651993.94/bookkeeping_projs/bookkeeping-proj-0.projs
[INFO] (2016-11-08 16:39:54,059) Importing from bin/tokenizer/output-1478651993.94/bookkeeping_projs/bookkeeping-proj-3.projs
[INFO] (2016-11-08 16:39:54,059) Importing from bin/tokenizer/output-1478651993.94/bookkeeping_projs/bookkeeping-proj-4.projs
[INFO] (2016-11-08 16:39:54,059) Importing from bin/tokenizer/output-1478651993.94/bookkeeping_projs/bookkeeping-proj-5.projs
[INFO] (2016-11-08 16:39:54,059) Importing from bin/tokenizer/output-1478651993.94/bookkeeping_projs/bookkeeping-proj-6.projs
[INFO] (2016-11-08 16:39:54,059) Importing from bin/tokenizer/output-1478651993.94/files_stats/files-stats-5.stats
[INFO] (2016-11-08 16:39:54,060) Importing from bin/tokenizer/output-1478651993.94/files_stats/files-stats-4.stats
[INFO] (2016-11-08 16:39:54,063) Importing from bin/tokenizer/output-1478651993.94/files_stats/files-stats-3.stats
[INFO] (2016-11-08 16:39:54,064) Importing from bin/tokenizer/output-1478651993.94/files_stats/files-stats-2.stats
[INFO] (2016-11-08 16:39:54,066) Importing from bin/tokenizer/output-1478651993.94/files_stats/files-stats-0.stats
[INFO] (2016-11-08 16:39:54,067) Importing from bin/tokenizer/output-1478651993.94/files_stats/files-stats-6.stats
[INFO] (2016-11-08 16:39:54,067) Importing from bin/tokenizer/output-1478651993.94/files_stats/files-stats-1.stats
[INFO] (2016-11-08 16:39:54,078) Importing from bin/tokenizer/output-1478651993.94/files_tokens/files-tokens-1.tokens
[INFO] (2016-11-08 16:39:54,086) Importing from bin/tokenizer/output-1478651993.94/files_tokens/files-tokens-2.tokens
[INFO] (2016-11-08 16:39:54,088) Importing from bin/tokenizer/output-1478651993.94/files_tokens/files-tokens-5.tokens
[INFO] (2016-11-08 16:39:54,089) Importing from bin/tokenizer/output-1478651993.94/files_tokens/files-tokens-6.tokens
[INFO] (2016-11-08 16:39:54,089) Importing from bin/tokenizer/output-1478651993.94/files_tokens/files-tokens-0.tokens
[INFO] (2016-11-08 16:39:54,090) Importing from bin/tokenizer/output-1478651993.94/files_tokens/files-tokens-4.tokens
[INFO] (2016-11-08 16:39:54,091) Importing from bin/tokenizer/output-1478651993.94/files_tokens/files-tokens-3.tokens
[INFO] (2016-11-08 16:39:54,092) All information successfully imported to database
