[INFO] (2016-11-08 16:39:58,197) Config file successfully read
[INFO] (2016-11-08 16:39:58,221) Connection to database 'TEMPLeidos' successful
[INFO] (2016-11-08 16:39:58,221) Database 'TEMPLeidos' successfully initialized
[INFO] (2016-11-08 16:39:58,221) Starting tokenizer
[INFO] (2016-11-08 16:39:58,222) Project ids start at 2700000028 and file ids start at 118
[INFO] (2016-11-08 16:39:58,222) Editing tokenizer config file in 'bin/tokenizer/config.ini'
[INFO] (2016-11-08 16:39:58,222) Starting tokenizer, output in 'bin/tokenizer/output-1478651998.22'
[INFO] (2016-11-08 16:39:58,350) Tokenizer finished
[INFO] (2016-11-08 16:39:58,350) Starting importing to database 'TEMPLeidos' from folder 'bin/tokenizer/output-1478651998.22'
[INFO] (2016-11-08 16:39:58,351) Importing from bin/tokenizer/output-1478651998.22/bookkeeping_projs/bookkeeping-proj-1.projs
[INFO] (2016-11-08 16:39:58,352) Importing from bin/tokenizer/output-1478651998.22/bookkeeping_projs/bookkeeping-proj-2.projs
[INFO] (2016-11-08 16:39:58,352) Importing from bin/tokenizer/output-1478651998.22/bookkeeping_projs/bookkeeping-proj-0.projs
[INFO] (2016-11-08 16:39:58,352) Importing from bin/tokenizer/output-1478651998.22/bookkeeping_projs/bookkeeping-proj-3.projs
[INFO] (2016-11-08 16:39:58,352) Importing from bin/tokenizer/output-1478651998.22/bookkeeping_projs/bookkeeping-proj-4.projs
[INFO] (2016-11-08 16:39:58,352) Importing from bin/tokenizer/output-1478651998.22/bookkeeping_projs/bookkeeping-proj-5.projs
[INFO] (2016-11-08 16:39:58,353) Importing from bin/tokenizer/output-1478651998.22/bookkeeping_projs/bookkeeping-proj-6.projs
[INFO] (2016-11-08 16:39:58,353) Importing from bin/tokenizer/output-1478651998.22/files_stats/files-stats-5.stats
[INFO] (2016-11-08 16:39:58,354) Importing from bin/tokenizer/output-1478651998.22/files_stats/files-stats-4.stats
[INFO] (2016-11-08 16:39:58,355) Importing from bin/tokenizer/output-1478651998.22/files_stats/files-stats-3.stats
[INFO] (2016-11-08 16:39:58,356) Importing from bin/tokenizer/output-1478651998.22/files_stats/files-stats-2.stats
[INFO] (2016-11-08 16:39:58,358) Importing from bin/tokenizer/output-1478651998.22/files_stats/files-stats-0.stats
[INFO] (2016-11-08 16:39:58,359) Importing from bin/tokenizer/output-1478651998.22/files_stats/files-stats-6.stats
[INFO] (2016-11-08 16:39:58,359) Importing from bin/tokenizer/output-1478651998.22/files_stats/files-stats-1.stats
[INFO] (2016-11-08 16:39:58,368) Importing from bin/tokenizer/output-1478651998.22/files_tokens/files-tokens-1.tokens
[INFO] (2016-11-08 16:39:58,376) Importing from bin/tokenizer/output-1478651998.22/files_tokens/files-tokens-2.tokens
[INFO] (2016-11-08 16:39:58,378) Importing from bin/tokenizer/output-1478651998.22/files_tokens/files-tokens-5.tokens
[INFO] (2016-11-08 16:39:58,379) Importing from bin/tokenizer/output-1478651998.22/files_tokens/files-tokens-6.tokens
[INFO] (2016-11-08 16:39:58,380) Importing from bin/tokenizer/output-1478651998.22/files_tokens/files-tokens-0.tokens
[INFO] (2016-11-08 16:39:58,381) Importing from bin/tokenizer/output-1478651998.22/files_tokens/files-tokens-4.tokens
[INFO] (2016-11-08 16:39:58,383) Importing from bin/tokenizer/output-1478651998.22/files_tokens/files-tokens-3.tokens
[INFO] (2016-11-08 16:39:58,384) All information successfully imported to database
