[INFO] (2016-11-08 16:32:35,160) Config file successfully read
[INFO] (2016-11-08 16:32:35,183) Connection to database 'TEMPLeidos' successful
[INFO] (2016-11-08 16:32:35,183) Database 'TEMPLeidos' successfully initialized
[INFO] (2016-11-08 16:32:35,183) Starting tokenizer
[INFO] (2016-11-08 16:32:35,183) Project ids start at 3900000040 and file ids start at 175
[INFO] (2016-11-08 16:32:35,183) Editing tokenizer config file in 'bin/tokenizer/config.ini'
[INFO] (2016-11-08 16:32:35,185) Starting tokenizer, output in 'bin/tokenizer/output-1478651555.19'
[INFO] (2016-11-08 16:32:35,296) Tokenizer finished
[INFO] (2016-11-08 16:32:35,296) Starting importing to database 'TEMPLeidos' from folder 'bin/tokenizer/output-1478651555.19'
[INFO] (2016-11-08 16:32:35,296) Importing from bin/tokenizer/output-1478651555.19/bookkeeping_projs/bookkeeping-proj-1.projs
[INFO] (2016-11-08 16:32:35,297) Importing from bin/tokenizer/output-1478651555.19/bookkeeping_projs/bookkeeping-proj-2.projs
[INFO] (2016-11-08 16:32:35,297) Importing from bin/tokenizer/output-1478651555.19/bookkeeping_projs/bookkeeping-proj-0.projs
[INFO] (2016-11-08 16:32:35,297) Importing from bin/tokenizer/output-1478651555.19/bookkeeping_projs/bookkeeping-proj-3.projs
[INFO] (2016-11-08 16:32:35,297) Importing from bin/tokenizer/output-1478651555.19/bookkeeping_projs/bookkeeping-proj-4.projs
[INFO] (2016-11-08 16:32:35,298) Importing from bin/tokenizer/output-1478651555.19/bookkeeping_projs/bookkeeping-proj-5.projs
[INFO] (2016-11-08 16:32:35,298) Importing from bin/tokenizer/output-1478651555.19/bookkeeping_projs/bookkeeping-proj-6.projs
[INFO] (2016-11-08 16:32:35,298) Importing from bin/tokenizer/output-1478651555.19/files_stats/files-stats-5.stats
[INFO] (2016-11-08 16:32:35,299) Importing from bin/tokenizer/output-1478651555.19/files_stats/files-stats-4.stats
[INFO] (2016-11-08 16:32:35,302) Importing from bin/tokenizer/output-1478651555.19/files_stats/files-stats-3.stats
[INFO] (2016-11-08 16:32:35,303) Importing from bin/tokenizer/output-1478651555.19/files_stats/files-stats-2.stats
[INFO] (2016-11-08 16:32:35,305) Importing from bin/tokenizer/output-1478651555.19/files_stats/files-stats-0.stats
[INFO] (2016-11-08 16:32:35,306) Importing from bin/tokenizer/output-1478651555.19/files_stats/files-stats-6.stats
[INFO] (2016-11-08 16:32:35,306) Importing from bin/tokenizer/output-1478651555.19/files_stats/files-stats-1.stats
[INFO] (2016-11-08 16:32:35,315) Importing from bin/tokenizer/output-1478651555.19/files_tokens/files-tokens-1.tokens
[INFO] (2016-11-08 16:32:35,324) Importing from bin/tokenizer/output-1478651555.19/files_tokens/files-tokens-2.tokens
[INFO] (2016-11-08 16:32:35,326) Importing from bin/tokenizer/output-1478651555.19/files_tokens/files-tokens-5.tokens
[INFO] (2016-11-08 16:32:35,327) Importing from bin/tokenizer/output-1478651555.19/files_tokens/files-tokens-6.tokens
[INFO] (2016-11-08 16:32:35,327) Importing from bin/tokenizer/output-1478651555.19/files_tokens/files-tokens-0.tokens
[INFO] (2016-11-08 16:32:35,327) Importing from bin/tokenizer/output-1478651555.19/files_tokens/files-tokens-4.tokens
[INFO] (2016-11-08 16:32:35,329) Importing from bin/tokenizer/output-1478651555.19/files_tokens/files-tokens-3.tokens
[INFO] (2016-11-08 16:32:35,330) All information successfully imported to database
[INFO] (2016-11-08 16:32:35,330) Generating input to CC
[INFO] (2016-11-08 16:32:35,332) A total of 223 distinct token hashes were found
