[INFO] (2016-11-08 16:39:51,671) Config file successfully read
[INFO] (2016-11-08 16:39:51,725) Connection to database 'TEMPLeidos' successful
[INFO] (2016-11-08 16:39:51,725) Database 'TEMPLeidos' successfully initialized
[INFO] (2016-11-08 16:39:51,725) Starting tokenizer
[INFO] (2016-11-08 16:39:51,726) Project ids start at 1 and file ids start at 1
[INFO] (2016-11-08 16:39:51,726) Editing tokenizer config file in 'bin/tokenizer/config.ini'
[INFO] (2016-11-08 16:39:51,727) Starting tokenizer, output in 'bin/tokenizer/output-1478651991.73'
[INFO] (2016-11-08 16:39:51,848) Tokenizer finished
[INFO] (2016-11-08 16:39:51,848) Starting importing to database 'TEMPLeidos' from folder 'bin/tokenizer/output-1478651991.73'
[INFO] (2016-11-08 16:39:51,849) Importing from bin/tokenizer/output-1478651991.73/bookkeeping_projs/bookkeeping-proj-1.projs
[INFO] (2016-11-08 16:39:51,849) Importing from bin/tokenizer/output-1478651991.73/bookkeeping_projs/bookkeeping-proj-2.projs
[INFO] (2016-11-08 16:39:51,849) Importing from bin/tokenizer/output-1478651991.73/bookkeeping_projs/bookkeeping-proj-0.projs
[INFO] (2016-11-08 16:39:51,849) Importing from bin/tokenizer/output-1478651991.73/bookkeeping_projs/bookkeeping-proj-3.projs
[INFO] (2016-11-08 16:39:51,850) Importing from bin/tokenizer/output-1478651991.73/bookkeeping_projs/bookkeeping-proj-4.projs
[INFO] (2016-11-08 16:39:51,850) Importing from bin/tokenizer/output-1478651991.73/bookkeeping_projs/bookkeeping-proj-5.projs
[INFO] (2016-11-08 16:39:51,850) Importing from bin/tokenizer/output-1478651991.73/bookkeeping_projs/bookkeeping-proj-6.projs
[INFO] (2016-11-08 16:39:51,850) Importing from bin/tokenizer/output-1478651991.73/files_stats/files-stats-5.stats
[INFO] (2016-11-08 16:39:51,851) Importing from bin/tokenizer/output-1478651991.73/files_stats/files-stats-4.stats
[INFO] (2016-11-08 16:39:51,853) Importing from bin/tokenizer/output-1478651991.73/files_stats/files-stats-3.stats
[INFO] (2016-11-08 16:39:51,854) Importing from bin/tokenizer/output-1478651991.73/files_stats/files-stats-2.stats
[INFO] (2016-11-08 16:39:51,855) Importing from bin/tokenizer/output-1478651991.73/files_stats/files-stats-0.stats
[INFO] (2016-11-08 16:39:51,856) Importing from bin/tokenizer/output-1478651991.73/files_stats/files-stats-6.stats
[INFO] (2016-11-08 16:39:51,856) Importing from bin/tokenizer/output-1478651991.73/files_stats/files-stats-1.stats
[INFO] (2016-11-08 16:39:51,866) Importing from bin/tokenizer/output-1478651991.73/files_tokens/files-tokens-1.tokens
[INFO] (2016-11-08 16:39:51,874) Importing from bin/tokenizer/output-1478651991.73/files_tokens/files-tokens-2.tokens
[INFO] (2016-11-08 16:39:51,876) Importing from bin/tokenizer/output-1478651991.73/files_tokens/files-tokens-5.tokens
[INFO] (2016-11-08 16:39:51,878) Importing from bin/tokenizer/output-1478651991.73/files_tokens/files-tokens-6.tokens
[INFO] (2016-11-08 16:39:51,878) Importing from bin/tokenizer/output-1478651991.73/files_tokens/files-tokens-0.tokens
[INFO] (2016-11-08 16:39:51,879) Importing from bin/tokenizer/output-1478651991.73/files_tokens/files-tokens-4.tokens
[INFO] (2016-11-08 16:39:51,881) Importing from bin/tokenizer/output-1478651991.73/files_tokens/files-tokens-3.tokens
[INFO] (2016-11-08 16:39:51,882) All information successfully imported to database
