[INFO] (2016-11-08 16:42:04,917) Config file successfully read
[INFO] (2016-11-08 16:42:04,940) Connection to database 'TEMPLeidos' successful
[INFO] (2016-11-08 16:42:04,941) Database 'TEMPLeidos' successfully initialized
[INFO] (2016-11-08 16:42:04,941) Starting tokenizer
[INFO] (2016-11-08 16:42:04,941) Project ids start at 1200000013 and file ids start at 53
[INFO] (2016-11-08 16:42:04,941) Editing tokenizer config file in 'bin/tokenizer/config.ini'
[INFO] (2016-11-08 16:42:04,941) Starting tokenizer, output in 'bin/tokenizer/output-1478652124.94'
[INFO] (2016-11-08 16:42:05,046) Tokenizer finished
[INFO] (2016-11-08 16:42:05,046) Starting importing to database 'TEMPLeidos' from folder 'bin/tokenizer/output-1478652124.94'
[INFO] (2016-11-08 16:42:05,047) Importing from bin/tokenizer/output-1478652124.94/bookkeeping_projs/bookkeeping-proj-1.projs
[INFO] (2016-11-08 16:42:05,047) Importing from bin/tokenizer/output-1478652124.94/bookkeeping_projs/bookkeeping-proj-2.projs
[INFO] (2016-11-08 16:42:05,048) Importing from bin/tokenizer/output-1478652124.94/bookkeeping_projs/bookkeeping-proj-0.projs
[INFO] (2016-11-08 16:42:05,048) Importing from bin/tokenizer/output-1478652124.94/bookkeeping_projs/bookkeeping-proj-3.projs
[INFO] (2016-11-08 16:42:05,048) Importing from bin/tokenizer/output-1478652124.94/bookkeeping_projs/bookkeeping-proj-4.projs
[INFO] (2016-11-08 16:42:05,048) Importing from bin/tokenizer/output-1478652124.94/bookkeeping_projs/bookkeeping-proj-5.projs
[INFO] (2016-11-08 16:42:05,049) Importing from bin/tokenizer/output-1478652124.94/bookkeeping_projs/bookkeeping-proj-6.projs
[INFO] (2016-11-08 16:42:05,049) Importing from bin/tokenizer/output-1478652124.94/files_stats/files-stats-5.stats
[INFO] (2016-11-08 16:42:05,050) Importing from bin/tokenizer/output-1478652124.94/files_stats/files-stats-4.stats
[INFO] (2016-11-08 16:42:05,051) Importing from bin/tokenizer/output-1478652124.94/files_stats/files-stats-3.stats
[INFO] (2016-11-08 16:42:05,052) Importing from bin/tokenizer/output-1478652124.94/files_stats/files-stats-2.stats
[INFO] (2016-11-08 16:42:05,054) Importing from bin/tokenizer/output-1478652124.94/files_stats/files-stats-0.stats
[INFO] (2016-11-08 16:42:05,054) Importing from bin/tokenizer/output-1478652124.94/files_stats/files-stats-6.stats
[INFO] (2016-11-08 16:42:05,055) Importing from bin/tokenizer/output-1478652124.94/files_stats/files-stats-1.stats
[INFO] (2016-11-08 16:42:05,064) Importing from bin/tokenizer/output-1478652124.94/files_tokens/files-tokens-1.tokens
[INFO] (2016-11-08 16:42:05,072) Importing from bin/tokenizer/output-1478652124.94/files_tokens/files-tokens-2.tokens
[INFO] (2016-11-08 16:42:05,073) Importing from bin/tokenizer/output-1478652124.94/files_tokens/files-tokens-5.tokens
[INFO] (2016-11-08 16:42:05,074) Importing from bin/tokenizer/output-1478652124.94/files_tokens/files-tokens-6.tokens
[INFO] (2016-11-08 16:42:05,075) Importing from bin/tokenizer/output-1478652124.94/files_tokens/files-tokens-0.tokens
[INFO] (2016-11-08 16:42:05,075) Importing from bin/tokenizer/output-1478652124.94/files_tokens/files-tokens-4.tokens
[INFO] (2016-11-08 16:42:05,077) Importing from bin/tokenizer/output-1478652124.94/files_tokens/files-tokens-3.tokens
[INFO] (2016-11-08 16:42:05,078) All information successfully imported to database
