[INFO] (2016-11-08 16:39:52,886) Config file successfully read
[INFO] (2016-11-08 16:39:52,911) Connection to database 'TEMPLeidos' successful
[INFO] (2016-11-08 16:39:52,911) Database 'TEMPLeidos' successfully initialized
[INFO] (2016-11-08 16:39:52,911) Starting tokenizer
[INFO] (2016-11-08 16:39:52,911) Project ids start at 300000004 and file ids start at 14
[INFO] (2016-11-08 16:39:52,911) Editing tokenizer config file in 'bin/tokenizer/config.ini'
[INFO] (2016-11-08 16:39:52,912) Starting tokenizer, output in 'bin/tokenizer/output-1478651992.91'
[INFO] (2016-11-08 16:39:53,034) Tokenizer finished
[INFO] (2016-11-08 16:39:53,034) Starting importing to database 'TEMPLeidos' from folder 'bin/tokenizer/output-1478651992.91'
[INFO] (2016-11-08 16:39:53,035) Importing from bin/tokenizer/output-1478651992.91/bookkeeping_projs/bookkeeping-proj-1.projs
[INFO] (2016-11-08 16:39:53,035) Importing from bin/tokenizer/output-1478651992.91/bookkeeping_projs/bookkeeping-proj-2.projs
[INFO] (2016-11-08 16:39:53,035) Importing from bin/tokenizer/output-1478651992.91/bookkeeping_projs/bookkeeping-proj-0.projs
[INFO] (2016-11-08 16:39:53,036) Importing from bin/tokenizer/output-1478651992.91/bookkeeping_projs/bookkeeping-proj-3.projs
[INFO] (2016-11-08 16:39:53,036) Importing from bin/tokenizer/output-1478651992.91/bookkeeping_projs/bookkeeping-proj-4.projs
[INFO] (2016-11-08 16:39:53,036) Importing from bin/tokenizer/output-1478651992.91/bookkeeping_projs/bookkeeping-proj-5.projs
[INFO] (2016-11-08 16:39:53,036) Importing from bin/tokenizer/output-1478651992.91/bookkeeping_projs/bookkeeping-proj-6.projs
[INFO] (2016-11-08 16:39:53,037) Importing from bin/tokenizer/output-1478651992.91/files_stats/files-stats-5.stats
[INFO] (2016-11-08 16:39:53,038) Importing from bin/tokenizer/output-1478651992.91/files_stats/files-stats-4.stats
[INFO] (2016-11-08 16:39:53,040) Importing from bin/tokenizer/output-1478651992.91/files_stats/files-stats-3.stats
[INFO] (2016-11-08 16:39:53,040) Importing from bin/tokenizer/output-1478651992.91/files_stats/files-stats-2.stats
[INFO] (2016-11-08 16:39:53,042) Importing from bin/tokenizer/output-1478651992.91/files_stats/files-stats-0.stats
[INFO] (2016-11-08 16:39:53,043) Importing from bin/tokenizer/output-1478651992.91/files_stats/files-stats-6.stats
[INFO] (2016-11-08 16:39:53,043) Importing from bin/tokenizer/output-1478651992.91/files_stats/files-stats-1.stats
[INFO] (2016-11-08 16:39:53,052) Importing from bin/tokenizer/output-1478651992.91/files_tokens/files-tokens-1.tokens
[INFO] (2016-11-08 16:39:53,060) Importing from bin/tokenizer/output-1478651992.91/files_tokens/files-tokens-2.tokens
[INFO] (2016-11-08 16:39:53,061) Importing from bin/tokenizer/output-1478651992.91/files_tokens/files-tokens-5.tokens
[INFO] (2016-11-08 16:39:53,062) Importing from bin/tokenizer/output-1478651992.91/files_tokens/files-tokens-6.tokens
[INFO] (2016-11-08 16:39:53,062) Importing from bin/tokenizer/output-1478651992.91/files_tokens/files-tokens-0.tokens
[INFO] (2016-11-08 16:39:53,063) Importing from bin/tokenizer/output-1478651992.91/files_tokens/files-tokens-4.tokens
[INFO] (2016-11-08 16:39:53,065) Importing from bin/tokenizer/output-1478651992.91/files_tokens/files-tokens-3.tokens
[INFO] (2016-11-08 16:39:53,066) All information successfully imported to database
