[INFO] (2016-11-08 16:42:06,829) Config file successfully read
[INFO] (2016-11-08 16:42:06,852) Connection to database 'TEMPLeidos' successful
[INFO] (2016-11-08 16:42:06,852) Database 'TEMPLeidos' successfully initialized
[INFO] (2016-11-08 16:42:06,852) Starting tokenizer
[INFO] (2016-11-08 16:42:06,852) Project ids start at 3000000031 and file ids start at 131
[INFO] (2016-11-08 16:42:06,853) Editing tokenizer config file in 'bin/tokenizer/config.ini'
[INFO] (2016-11-08 16:42:06,853) Starting tokenizer, output in 'bin/tokenizer/output-1478652126.85'
[INFO] (2016-11-08 16:42:06,976) Tokenizer finished
[INFO] (2016-11-08 16:42:06,976) Starting importing to database 'TEMPLeidos' from folder 'bin/tokenizer/output-1478652126.85'
[INFO] (2016-11-08 16:42:06,976) Importing from bin/tokenizer/output-1478652126.85/bookkeeping_projs/bookkeeping-proj-1.projs
[INFO] (2016-11-08 16:42:06,977) Importing from bin/tokenizer/output-1478652126.85/bookkeeping_projs/bookkeeping-proj-2.projs
[INFO] (2016-11-08 16:42:06,977) Importing from bin/tokenizer/output-1478652126.85/bookkeeping_projs/bookkeeping-proj-0.projs
[INFO] (2016-11-08 16:42:06,977) Importing from bin/tokenizer/output-1478652126.85/bookkeeping_projs/bookkeeping-proj-3.projs
[INFO] (2016-11-08 16:42:06,977) Importing from bin/tokenizer/output-1478652126.85/bookkeeping_projs/bookkeeping-proj-4.projs
[INFO] (2016-11-08 16:42:06,978) Importing from bin/tokenizer/output-1478652126.85/bookkeeping_projs/bookkeeping-proj-5.projs
[INFO] (2016-11-08 16:42:06,978) Importing from bin/tokenizer/output-1478652126.85/bookkeeping_projs/bookkeeping-proj-6.projs
[INFO] (2016-11-08 16:42:06,978) Importing from bin/tokenizer/output-1478652126.85/files_stats/files-stats-5.stats
[INFO] (2016-11-08 16:42:06,979) Importing from bin/tokenizer/output-1478652126.85/files_stats/files-stats-4.stats
[INFO] (2016-11-08 16:42:06,981) Importing from bin/tokenizer/output-1478652126.85/files_stats/files-stats-3.stats
[INFO] (2016-11-08 16:42:06,981) Importing from bin/tokenizer/output-1478652126.85/files_stats/files-stats-2.stats
[INFO] (2016-11-08 16:42:06,983) Importing from bin/tokenizer/output-1478652126.85/files_stats/files-stats-0.stats
[INFO] (2016-11-08 16:42:06,984) Importing from bin/tokenizer/output-1478652126.85/files_stats/files-stats-6.stats
[INFO] (2016-11-08 16:42:06,984) Importing from bin/tokenizer/output-1478652126.85/files_stats/files-stats-1.stats
[INFO] (2016-11-08 16:42:06,993) Importing from bin/tokenizer/output-1478652126.85/files_tokens/files-tokens-1.tokens
[INFO] (2016-11-08 16:42:07,000) Importing from bin/tokenizer/output-1478652126.85/files_tokens/files-tokens-2.tokens
[INFO] (2016-11-08 16:42:07,002) Importing from bin/tokenizer/output-1478652126.85/files_tokens/files-tokens-5.tokens
[INFO] (2016-11-08 16:42:07,003) Importing from bin/tokenizer/output-1478652126.85/files_tokens/files-tokens-6.tokens
[INFO] (2016-11-08 16:42:07,003) Importing from bin/tokenizer/output-1478652126.85/files_tokens/files-tokens-0.tokens
[INFO] (2016-11-08 16:42:07,004) Importing from bin/tokenizer/output-1478652126.85/files_tokens/files-tokens-4.tokens
[INFO] (2016-11-08 16:42:07,005) Importing from bin/tokenizer/output-1478652126.85/files_tokens/files-tokens-3.tokens
[INFO] (2016-11-08 16:42:07,006) All information successfully imported to database
