[INFO] (2016-11-08 16:43:05,390) Config file successfully read
[INFO] (2016-11-08 16:43:05,413) Connection to database 'TEMPLeidos' successful
[INFO] (2016-11-08 16:43:05,413) Database 'TEMPLeidos' successfully initialized
[INFO] (2016-11-08 16:43:05,413) Starting tokenizer
[INFO] (2016-11-08 16:43:05,413) Project ids start at 2100000022 and file ids start at 92
[INFO] (2016-11-08 16:43:05,413) Editing tokenizer config file in 'bin/tokenizer/config.ini'
[INFO] (2016-11-08 16:43:05,414) Starting tokenizer, output in 'bin/tokenizer/output-1478652185.41'
[INFO] (2016-11-08 16:43:05,536) Tokenizer finished
[INFO] (2016-11-08 16:43:05,536) Starting importing to database 'TEMPLeidos' from folder 'bin/tokenizer/output-1478652185.41'
[INFO] (2016-11-08 16:43:05,537) Importing from bin/tokenizer/output-1478652185.41/bookkeeping_projs/bookkeeping-proj-1.projs
[INFO] (2016-11-08 16:43:05,537) Importing from bin/tokenizer/output-1478652185.41/bookkeeping_projs/bookkeeping-proj-2.projs
[INFO] (2016-11-08 16:43:05,537) Importing from bin/tokenizer/output-1478652185.41/bookkeeping_projs/bookkeeping-proj-0.projs
[INFO] (2016-11-08 16:43:05,537) Importing from bin/tokenizer/output-1478652185.41/bookkeeping_projs/bookkeeping-proj-3.projs
[INFO] (2016-11-08 16:43:05,538) Importing from bin/tokenizer/output-1478652185.41/bookkeeping_projs/bookkeeping-proj-4.projs
[INFO] (2016-11-08 16:43:05,538) Importing from bin/tokenizer/output-1478652185.41/bookkeeping_projs/bookkeeping-proj-5.projs
[INFO] (2016-11-08 16:43:05,538) Importing from bin/tokenizer/output-1478652185.41/bookkeeping_projs/bookkeeping-proj-6.projs
[INFO] (2016-11-08 16:43:05,538) Importing from bin/tokenizer/output-1478652185.41/files_stats/files-stats-5.stats
[INFO] (2016-11-08 16:43:05,539) Importing from bin/tokenizer/output-1478652185.41/files_stats/files-stats-4.stats
[INFO] (2016-11-08 16:43:05,541) Importing from bin/tokenizer/output-1478652185.41/files_stats/files-stats-3.stats
[INFO] (2016-11-08 16:43:05,542) Importing from bin/tokenizer/output-1478652185.41/files_stats/files-stats-2.stats
[INFO] (2016-11-08 16:43:05,543) Importing from bin/tokenizer/output-1478652185.41/files_stats/files-stats-0.stats
[INFO] (2016-11-08 16:43:05,544) Importing from bin/tokenizer/output-1478652185.41/files_stats/files-stats-6.stats
[INFO] (2016-11-08 16:43:05,544) Importing from bin/tokenizer/output-1478652185.41/files_stats/files-stats-1.stats
[INFO] (2016-11-08 16:43:05,554) Importing from bin/tokenizer/output-1478652185.41/files_tokens/files-tokens-1.tokens
[INFO] (2016-11-08 16:43:05,562) Importing from bin/tokenizer/output-1478652185.41/files_tokens/files-tokens-2.tokens
[INFO] (2016-11-08 16:43:05,563) Importing from bin/tokenizer/output-1478652185.41/files_tokens/files-tokens-5.tokens
[INFO] (2016-11-08 16:43:05,564) Importing from bin/tokenizer/output-1478652185.41/files_tokens/files-tokens-6.tokens
[INFO] (2016-11-08 16:43:05,565) Importing from bin/tokenizer/output-1478652185.41/files_tokens/files-tokens-0.tokens
[INFO] (2016-11-08 16:43:05,565) Importing from bin/tokenizer/output-1478652185.41/files_tokens/files-tokens-4.tokens
[INFO] (2016-11-08 16:43:05,567) Importing from bin/tokenizer/output-1478652185.41/files_tokens/files-tokens-3.tokens
[INFO] (2016-11-08 16:43:05,567) All information successfully imported to database
