[INFO] (2016-11-08 16:39:56,501) Config file successfully read
[INFO] (2016-11-08 16:39:56,525) Connection to database 'TEMPLeidos' successful
[INFO] (2016-11-08 16:39:56,525) Database 'TEMPLeidos' successfully initialized
[INFO] (2016-11-08 16:39:56,525) Starting tokenizer
[INFO] (2016-11-08 16:39:56,526) Project ids start at 1800000019 and file ids start at 79
[INFO] (2016-11-08 16:39:56,526) Editing tokenizer config file in 'bin/tokenizer/config.ini'
[INFO] (2016-11-08 16:39:56,526) Starting tokenizer, output in 'bin/tokenizer/output-1478651996.53'
[INFO] (2016-11-08 16:39:56,656) Tokenizer finished
[INFO] (2016-11-08 16:39:56,656) Starting importing to database 'TEMPLeidos' from folder 'bin/tokenizer/output-1478651996.53'
[INFO] (2016-11-08 16:39:56,657) Importing from bin/tokenizer/output-1478651996.53/bookkeeping_projs/bookkeeping-proj-1.projs
[INFO] (2016-11-08 16:39:56,657) Importing from bin/tokenizer/output-1478651996.53/bookkeeping_projs/bookkeeping-proj-2.projs
[INFO] (2016-11-08 16:39:56,657) Importing from bin/tokenizer/output-1478651996.53/bookkeeping_projs/bookkeeping-proj-0.projs
[INFO] (2016-11-08 16:39:56,658) Importing from bin/tokenizer/output-1478651996.53/bookkeeping_projs/bookkeeping-proj-3.projs
[INFO] (2016-11-08 16:39:56,658) Importing from bin/tokenizer/output-1478651996.53/bookkeeping_projs/bookkeeping-proj-4.projs
[INFO] (2016-11-08 16:39:56,658) Importing from bin/tokenizer/output-1478651996.53/bookkeeping_projs/bookkeeping-proj-5.projs
[INFO] (2016-11-08 16:39:56,658) Importing from bin/tokenizer/output-1478651996.53/bookkeeping_projs/bookkeeping-proj-6.projs
[INFO] (2016-11-08 16:39:56,658) Importing from bin/tokenizer/output-1478651996.53/files_stats/files-stats-5.stats
[INFO] (2016-11-08 16:39:56,659) Importing from bin/tokenizer/output-1478651996.53/files_stats/files-stats-4.stats
[INFO] (2016-11-08 16:39:56,662) Importing from bin/tokenizer/output-1478651996.53/files_stats/files-stats-3.stats
[INFO] (2016-11-08 16:39:56,663) Importing from bin/tokenizer/output-1478651996.53/files_stats/files-stats-2.stats
[INFO] (2016-11-08 16:39:56,666) Importing from bin/tokenizer/output-1478651996.53/files_stats/files-stats-0.stats
[INFO] (2016-11-08 16:39:56,667) Importing from bin/tokenizer/output-1478651996.53/files_stats/files-stats-6.stats
[INFO] (2016-11-08 16:39:56,667) Importing from bin/tokenizer/output-1478651996.53/files_stats/files-stats-1.stats
[INFO] (2016-11-08 16:39:56,675) Importing from bin/tokenizer/output-1478651996.53/files_tokens/files-tokens-1.tokens
[INFO] (2016-11-08 16:39:56,685) Importing from bin/tokenizer/output-1478651996.53/files_tokens/files-tokens-2.tokens
[INFO] (2016-11-08 16:39:56,688) Importing from bin/tokenizer/output-1478651996.53/files_tokens/files-tokens-5.tokens
[INFO] (2016-11-08 16:39:56,689) Importing from bin/tokenizer/output-1478651996.53/files_tokens/files-tokens-6.tokens
[INFO] (2016-11-08 16:39:56,689) Importing from bin/tokenizer/output-1478651996.53/files_tokens/files-tokens-0.tokens
[INFO] (2016-11-08 16:39:56,690) Importing from bin/tokenizer/output-1478651996.53/files_tokens/files-tokens-4.tokens
[INFO] (2016-11-08 16:39:56,692) Importing from bin/tokenizer/output-1478651996.53/files_tokens/files-tokens-3.tokens
[INFO] (2016-11-08 16:39:56,693) All information successfully imported to database
