[INFO] (2016-11-08 16:42:05,958) Config file successfully read
[INFO] (2016-11-08 16:42:05,982) Connection to database 'TEMPLeidos' successful
[INFO] (2016-11-08 16:42:05,982) Database 'TEMPLeidos' successfully initialized
[INFO] (2016-11-08 16:42:05,982) Starting tokenizer
[INFO] (2016-11-08 16:42:05,982) Project ids start at 2100000022 and file ids start at 92
[INFO] (2016-11-08 16:42:05,983) Editing tokenizer config file in 'bin/tokenizer/config.ini'
[INFO] (2016-11-08 16:42:05,983) Starting tokenizer, output in 'bin/tokenizer/output-1478652125.98'
[INFO] (2016-11-08 16:42:06,111) Tokenizer finished
[INFO] (2016-11-08 16:42:06,111) Starting importing to database 'TEMPLeidos' from folder 'bin/tokenizer/output-1478652125.98'
[INFO] (2016-11-08 16:42:06,111) Importing from bin/tokenizer/output-1478652125.98/bookkeeping_projs/bookkeeping-proj-1.projs
[INFO] (2016-11-08 16:42:06,112) Importing from bin/tokenizer/output-1478652125.98/bookkeeping_projs/bookkeeping-proj-2.projs
[INFO] (2016-11-08 16:42:06,112) Importing from bin/tokenizer/output-1478652125.98/bookkeeping_projs/bookkeeping-proj-0.projs
[INFO] (2016-11-08 16:42:06,112) Importing from bin/tokenizer/output-1478652125.98/bookkeeping_projs/bookkeeping-proj-3.projs
[INFO] (2016-11-08 16:42:06,112) Importing from bin/tokenizer/output-1478652125.98/bookkeeping_projs/bookkeeping-proj-4.projs
[INFO] (2016-11-08 16:42:06,113) Importing from bin/tokenizer/output-1478652125.98/bookkeeping_projs/bookkeeping-proj-5.projs
[INFO] (2016-11-08 16:42:06,113) Importing from bin/tokenizer/output-1478652125.98/bookkeeping_projs/bookkeeping-proj-6.projs
[INFO] (2016-11-08 16:42:06,113) Importing from bin/tokenizer/output-1478652125.98/files_stats/files-stats-5.stats
[INFO] (2016-11-08 16:42:06,114) Importing from bin/tokenizer/output-1478652125.98/files_stats/files-stats-4.stats
[INFO] (2016-11-08 16:42:06,117) Importing from bin/tokenizer/output-1478652125.98/files_stats/files-stats-3.stats
[INFO] (2016-11-08 16:42:06,118) Importing from bin/tokenizer/output-1478652125.98/files_stats/files-stats-2.stats
[INFO] (2016-11-08 16:42:06,120) Importing from bin/tokenizer/output-1478652125.98/files_stats/files-stats-0.stats
[INFO] (2016-11-08 16:42:06,121) Importing from bin/tokenizer/output-1478652125.98/files_stats/files-stats-6.stats
[INFO] (2016-11-08 16:42:06,121) Importing from bin/tokenizer/output-1478652125.98/files_stats/files-stats-1.stats
[INFO] (2016-11-08 16:42:06,133) Importing from bin/tokenizer/output-1478652125.98/files_tokens/files-tokens-1.tokens
[INFO] (2016-11-08 16:42:06,143) Importing from bin/tokenizer/output-1478652125.98/files_tokens/files-tokens-2.tokens
[INFO] (2016-11-08 16:42:06,146) Importing from bin/tokenizer/output-1478652125.98/files_tokens/files-tokens-5.tokens
[INFO] (2016-11-08 16:42:06,147) Importing from bin/tokenizer/output-1478652125.98/files_tokens/files-tokens-6.tokens
[INFO] (2016-11-08 16:42:06,147) Importing from bin/tokenizer/output-1478652125.98/files_tokens/files-tokens-0.tokens
[INFO] (2016-11-08 16:42:06,148) Importing from bin/tokenizer/output-1478652125.98/files_tokens/files-tokens-4.tokens
[INFO] (2016-11-08 16:42:06,150) Importing from bin/tokenizer/output-1478652125.98/files_tokens/files-tokens-3.tokens
[INFO] (2016-11-08 16:42:06,151) All information successfully imported to database
