[INFO] (2016-11-08 16:39:57,077) Config file successfully read
[INFO] (2016-11-08 16:39:57,101) Connection to database 'TEMPLeidos' successful
[INFO] (2016-11-08 16:39:57,102) Database 'TEMPLeidos' successfully initialized
[INFO] (2016-11-08 16:39:57,102) Starting tokenizer
[INFO] (2016-11-08 16:39:57,102) Project ids start at 2100000022 and file ids start at 92
[INFO] (2016-11-08 16:39:57,102) Editing tokenizer config file in 'bin/tokenizer/config.ini'
[INFO] (2016-11-08 16:39:57,102) Starting tokenizer, output in 'bin/tokenizer/output-1478651997.1'
[INFO] (2016-11-08 16:39:57,220) Tokenizer finished
[INFO] (2016-11-08 16:39:57,220) Starting importing to database 'TEMPLeidos' from folder 'bin/tokenizer/output-1478651997.1'
[INFO] (2016-11-08 16:39:57,220) Importing from bin/tokenizer/output-1478651997.1/bookkeeping_projs/bookkeeping-proj-1.projs
[INFO] (2016-11-08 16:39:57,221) Importing from bin/tokenizer/output-1478651997.1/bookkeeping_projs/bookkeeping-proj-2.projs
[INFO] (2016-11-08 16:39:57,221) Importing from bin/tokenizer/output-1478651997.1/bookkeeping_projs/bookkeeping-proj-0.projs
[INFO] (2016-11-08 16:39:57,221) Importing from bin/tokenizer/output-1478651997.1/bookkeeping_projs/bookkeeping-proj-3.projs
[INFO] (2016-11-08 16:39:57,222) Importing from bin/tokenizer/output-1478651997.1/bookkeeping_projs/bookkeeping-proj-4.projs
[INFO] (2016-11-08 16:39:57,222) Importing from bin/tokenizer/output-1478651997.1/bookkeeping_projs/bookkeeping-proj-5.projs
[INFO] (2016-11-08 16:39:57,222) Importing from bin/tokenizer/output-1478651997.1/bookkeeping_projs/bookkeeping-proj-6.projs
[INFO] (2016-11-08 16:39:57,222) Importing from bin/tokenizer/output-1478651997.1/files_stats/files-stats-5.stats
[INFO] (2016-11-08 16:39:57,223) Importing from bin/tokenizer/output-1478651997.1/files_stats/files-stats-4.stats
[INFO] (2016-11-08 16:39:57,225) Importing from bin/tokenizer/output-1478651997.1/files_stats/files-stats-3.stats
[INFO] (2016-11-08 16:39:57,226) Importing from bin/tokenizer/output-1478651997.1/files_stats/files-stats-2.stats
[INFO] (2016-11-08 16:39:57,228) Importing from bin/tokenizer/output-1478651997.1/files_stats/files-stats-0.stats
[INFO] (2016-11-08 16:39:57,229) Importing from bin/tokenizer/output-1478651997.1/files_stats/files-stats-6.stats
[INFO] (2016-11-08 16:39:57,229) Importing from bin/tokenizer/output-1478651997.1/files_stats/files-stats-1.stats
[INFO] (2016-11-08 16:39:57,238) Importing from bin/tokenizer/output-1478651997.1/files_tokens/files-tokens-1.tokens
[INFO] (2016-11-08 16:39:57,246) Importing from bin/tokenizer/output-1478651997.1/files_tokens/files-tokens-2.tokens
[INFO] (2016-11-08 16:39:57,248) Importing from bin/tokenizer/output-1478651997.1/files_tokens/files-tokens-5.tokens
[INFO] (2016-11-08 16:39:57,248) Importing from bin/tokenizer/output-1478651997.1/files_tokens/files-tokens-6.tokens
[INFO] (2016-11-08 16:39:57,249) Importing from bin/tokenizer/output-1478651997.1/files_tokens/files-tokens-0.tokens
[INFO] (2016-11-08 16:39:57,249) Importing from bin/tokenizer/output-1478651997.1/files_tokens/files-tokens-4.tokens
[INFO] (2016-11-08 16:39:57,251) Importing from bin/tokenizer/output-1478651997.1/files_tokens/files-tokens-3.tokens
[INFO] (2016-11-08 16:39:57,252) All information successfully imported to database
