[INFO] (2016-11-08 16:42:03,927) Config file successfully read
[INFO] (2016-11-08 16:42:03,950) Connection to database 'TEMPLeidos' successful
[INFO] (2016-11-08 16:42:03,950) Database 'TEMPLeidos' successfully initialized
[INFO] (2016-11-08 16:42:03,950) Starting tokenizer
[INFO] (2016-11-08 16:42:03,950) Project ids start at 600000007 and file ids start at 27
[INFO] (2016-11-08 16:42:03,951) Editing tokenizer config file in 'bin/tokenizer/config.ini'
[INFO] (2016-11-08 16:42:03,951) Starting tokenizer, output in 'bin/tokenizer/output-1478652123.95'
[INFO] (2016-11-08 16:42:04,056) Tokenizer finished
[INFO] (2016-11-08 16:42:04,056) Starting importing to database 'TEMPLeidos' from folder 'bin/tokenizer/output-1478652123.95'
[INFO] (2016-11-08 16:42:04,057) Importing from bin/tokenizer/output-1478652123.95/bookkeeping_projs/bookkeeping-proj-1.projs
[INFO] (2016-11-08 16:42:04,057) Importing from bin/tokenizer/output-1478652123.95/bookkeeping_projs/bookkeeping-proj-2.projs
[INFO] (2016-11-08 16:42:04,058) Importing from bin/tokenizer/output-1478652123.95/bookkeeping_projs/bookkeeping-proj-0.projs
[INFO] (2016-11-08 16:42:04,058) Importing from bin/tokenizer/output-1478652123.95/bookkeeping_projs/bookkeeping-proj-3.projs
[INFO] (2016-11-08 16:42:04,058) Importing from bin/tokenizer/output-1478652123.95/bookkeeping_projs/bookkeeping-proj-4.projs
[INFO] (2016-11-08 16:42:04,058) Importing from bin/tokenizer/output-1478652123.95/bookkeeping_projs/bookkeeping-proj-5.projs
[INFO] (2016-11-08 16:42:04,059) Importing from bin/tokenizer/output-1478652123.95/bookkeeping_projs/bookkeeping-proj-6.projs
[INFO] (2016-11-08 16:42:04,059) Importing from bin/tokenizer/output-1478652123.95/files_stats/files-stats-5.stats
[INFO] (2016-11-08 16:42:04,060) Importing from bin/tokenizer/output-1478652123.95/files_stats/files-stats-4.stats
[INFO] (2016-11-08 16:42:04,062) Importing from bin/tokenizer/output-1478652123.95/files_stats/files-stats-3.stats
[INFO] (2016-11-08 16:42:04,063) Importing from bin/tokenizer/output-1478652123.95/files_stats/files-stats-2.stats
[INFO] (2016-11-08 16:42:04,065) Importing from bin/tokenizer/output-1478652123.95/files_stats/files-stats-0.stats
[INFO] (2016-11-08 16:42:04,066) Importing from bin/tokenizer/output-1478652123.95/files_stats/files-stats-6.stats
[INFO] (2016-11-08 16:42:04,066) Importing from bin/tokenizer/output-1478652123.95/files_stats/files-stats-1.stats
[INFO] (2016-11-08 16:42:04,077) Importing from bin/tokenizer/output-1478652123.95/files_tokens/files-tokens-1.tokens
[INFO] (2016-11-08 16:42:04,087) Importing from bin/tokenizer/output-1478652123.95/files_tokens/files-tokens-2.tokens
[INFO] (2016-11-08 16:42:04,089) Importing from bin/tokenizer/output-1478652123.95/files_tokens/files-tokens-5.tokens
[INFO] (2016-11-08 16:42:04,090) Importing from bin/tokenizer/output-1478652123.95/files_tokens/files-tokens-6.tokens
[INFO] (2016-11-08 16:42:04,090) Importing from bin/tokenizer/output-1478652123.95/files_tokens/files-tokens-0.tokens
[INFO] (2016-11-08 16:42:04,091) Importing from bin/tokenizer/output-1478652123.95/files_tokens/files-tokens-4.tokens
[INFO] (2016-11-08 16:42:04,092) Importing from bin/tokenizer/output-1478652123.95/files_tokens/files-tokens-3.tokens
[INFO] (2016-11-08 16:42:04,093) All information successfully imported to database
