[INFO] (2016-11-08 16:09:42,765) Config file successfully read
[INFO] (2016-11-08 16:09:42,788) Connection to database 'TEMPLeidos' successful
[INFO] (2016-11-08 16:09:42,788) Database 'TEMPLeidos' successfully initialized
[INFO] (2016-11-08 16:09:42,788) Starting tokenizer
[INFO] (2016-11-08 16:09:42,789) Project ids start at 3000000031 and file ids start at 136
[INFO] (2016-11-08 16:09:42,789) Editing tokenizer config file in 'bin/tokenizer/config.ini'
[INFO] (2016-11-08 16:09:42,791) Starting tokenizer, output in 'bin/tokenizer/output-1478650182.79'
[INFO] (2016-11-08 16:09:42,910) Tokenizer finished
[INFO] (2016-11-08 16:09:42,910) Starting importing to database 'TEMPLeidos' from folder 'bin/tokenizer/output-1478650182.79'
[INFO] (2016-11-08 16:09:42,911) Importing from bin/tokenizer/output-1478650182.79/bookkeeping_projs/bookkeeping-proj-1.projs
[INFO] (2016-11-08 16:09:42,911) Importing from bin/tokenizer/output-1478650182.79/bookkeeping_projs/bookkeeping-proj-2.projs
[INFO] (2016-11-08 16:09:42,912) Importing from bin/tokenizer/output-1478650182.79/bookkeeping_projs/bookkeeping-proj-0.projs
[INFO] (2016-11-08 16:09:42,912) Importing from bin/tokenizer/output-1478650182.79/bookkeeping_projs/bookkeeping-proj-3.projs
[INFO] (2016-11-08 16:09:42,912) Importing from bin/tokenizer/output-1478650182.79/bookkeeping_projs/bookkeeping-proj-4.projs
[INFO] (2016-11-08 16:09:42,912) Importing from bin/tokenizer/output-1478650182.79/bookkeeping_projs/bookkeeping-proj-5.projs
[INFO] (2016-11-08 16:09:42,912) Importing from bin/tokenizer/output-1478650182.79/bookkeeping_projs/bookkeeping-proj-6.projs
[INFO] (2016-11-08 16:09:42,913) Importing from bin/tokenizer/output-1478650182.79/files_stats/files-stats-5.stats
[INFO] (2016-11-08 16:09:42,914) Importing from bin/tokenizer/output-1478650182.79/files_stats/files-stats-4.stats
[INFO] (2016-11-08 16:09:42,915) Importing from bin/tokenizer/output-1478650182.79/files_stats/files-stats-3.stats
[INFO] (2016-11-08 16:09:42,917) Importing from bin/tokenizer/output-1478650182.79/files_stats/files-stats-2.stats
[INFO] (2016-11-08 16:09:42,918) Importing from bin/tokenizer/output-1478650182.79/files_stats/files-stats-0.stats
[INFO] (2016-11-08 16:09:42,919) Importing from bin/tokenizer/output-1478650182.79/files_stats/files-stats-6.stats
[INFO] (2016-11-08 16:09:42,919) Importing from bin/tokenizer/output-1478650182.79/files_stats/files-stats-1.stats
[INFO] (2016-11-08 16:09:42,928) Importing from bin/tokenizer/output-1478650182.79/files_tokens/files-tokens-1.tokens
[INFO] (2016-11-08 16:09:42,936) Importing from bin/tokenizer/output-1478650182.79/files_tokens/files-tokens-2.tokens
[INFO] (2016-11-08 16:09:42,937) Importing from bin/tokenizer/output-1478650182.79/files_tokens/files-tokens-5.tokens
[INFO] (2016-11-08 16:09:42,938) Importing from bin/tokenizer/output-1478650182.79/files_tokens/files-tokens-6.tokens
[INFO] (2016-11-08 16:09:42,938) Importing from bin/tokenizer/output-1478650182.79/files_tokens/files-tokens-0.tokens
[INFO] (2016-11-08 16:09:42,939) Importing from bin/tokenizer/output-1478650182.79/files_tokens/files-tokens-4.tokens
[INFO] (2016-11-08 16:09:42,940) Importing from bin/tokenizer/output-1478650182.79/files_tokens/files-tokens-3.tokens
[INFO] (2016-11-08 16:09:42,941) All information successfully imported to database
