[INFO] (2016-11-09 12:50:35,934) Config file successfully read
[INFO] (2016-11-09 12:50:35,957) Connection to database 'TEMPLeidos' successful
[INFO] (2016-11-09 12:50:35,957) Database 'TEMPLeidos' successfully initialized
[INFO] (2016-11-09 12:50:35,957) Starting tokenizer
[INFO] (2016-11-09 12:50:35,957) Project ids start at 600000007 and file ids start at 27
[INFO] (2016-11-09 12:50:35,957) Editing tokenizer config file in 'bin/tokenizer/config.ini'
[INFO] (2016-11-09 12:50:35,958) Starting tokenizer, output in 'bin/tokenizer/output-1478724635.96'
[INFO] (2016-11-09 12:50:36,082) Tokenizer finished
[INFO] (2016-11-09 12:50:36,082) Starting importing to database 'TEMPLeidos' from folder 'bin/tokenizer/output-1478724635.96'
[INFO] (2016-11-09 12:50:36,083) Importing from bin/tokenizer/output-1478724635.96/bookkeeping_projs/bookkeeping-proj-1.projs
[INFO] (2016-11-09 12:50:36,084) Importing from bin/tokenizer/output-1478724635.96/bookkeeping_projs/bookkeeping-proj-2.projs
[INFO] (2016-11-09 12:50:36,084) Importing from bin/tokenizer/output-1478724635.96/bookkeeping_projs/bookkeeping-proj-0.projs
[INFO] (2016-11-09 12:50:36,084) Importing from bin/tokenizer/output-1478724635.96/bookkeeping_projs/bookkeeping-proj-3.projs
[INFO] (2016-11-09 12:50:36,084) Importing from bin/tokenizer/output-1478724635.96/bookkeeping_projs/bookkeeping-proj-4.projs
[INFO] (2016-11-09 12:50:36,084) Importing from bin/tokenizer/output-1478724635.96/bookkeeping_projs/bookkeeping-proj-5.projs
[INFO] (2016-11-09 12:50:36,085) Importing from bin/tokenizer/output-1478724635.96/bookkeeping_projs/bookkeeping-proj-6.projs
[INFO] (2016-11-09 12:50:36,085) Importing from bin/tokenizer/output-1478724635.96/files_stats/files-stats-5.stats
[INFO] (2016-11-09 12:50:36,086) Importing from bin/tokenizer/output-1478724635.96/files_stats/files-stats-4.stats
[INFO] (2016-11-09 12:50:36,087) Importing from bin/tokenizer/output-1478724635.96/files_stats/files-stats-3.stats
[INFO] (2016-11-09 12:50:36,088) Importing from bin/tokenizer/output-1478724635.96/files_stats/files-stats-2.stats
[INFO] (2016-11-09 12:50:36,090) Importing from bin/tokenizer/output-1478724635.96/files_stats/files-stats-0.stats
[INFO] (2016-11-09 12:50:36,091) Importing from bin/tokenizer/output-1478724635.96/files_stats/files-stats-6.stats
[INFO] (2016-11-09 12:50:36,091) Importing from bin/tokenizer/output-1478724635.96/files_stats/files-stats-1.stats
[INFO] (2016-11-09 12:50:36,099) Importing from bin/tokenizer/output-1478724635.96/files_tokens/files-tokens-1.tokens
[INFO] (2016-11-09 12:50:36,107) Importing from bin/tokenizer/output-1478724635.96/files_tokens/files-tokens-2.tokens
[INFO] (2016-11-09 12:50:36,108) Importing from bin/tokenizer/output-1478724635.96/files_tokens/files-tokens-5.tokens
[INFO] (2016-11-09 12:50:36,109) Importing from bin/tokenizer/output-1478724635.96/files_tokens/files-tokens-6.tokens
[INFO] (2016-11-09 12:50:36,110) Importing from bin/tokenizer/output-1478724635.96/files_tokens/files-tokens-0.tokens
[INFO] (2016-11-09 12:50:36,110) Importing from bin/tokenizer/output-1478724635.96/files_tokens/files-tokens-4.tokens
[INFO] (2016-11-09 12:50:36,112) Importing from bin/tokenizer/output-1478724635.96/files_tokens/files-tokens-3.tokens
[INFO] (2016-11-09 12:50:36,113) All information successfully imported to database
