[INFO] (2016-11-08 16:09:21,161) Config file successfully read
[INFO] (2016-11-08 16:09:21,195) Connection to database 'TEMPLeidos' successful
[INFO] (2016-11-08 16:09:21,196) Database 'TEMPLeidos' successfully initialized
[INFO] (2016-11-08 16:09:21,196) Starting tokenizer
[INFO] (2016-11-08 16:09:21,196) Project ids start at 1500000016 and file ids start at 71
[INFO] (2016-11-08 16:09:21,196) Editing tokenizer config file in 'bin/tokenizer/config.ini'
[INFO] (2016-11-08 16:09:21,197) Starting tokenizer, output in 'bin/tokenizer/output-1478650161.2'
[INFO] (2016-11-08 16:09:21,317) Tokenizer finished
[INFO] (2016-11-08 16:09:21,318) Starting importing to database 'TEMPLeidos' from folder 'bin/tokenizer/output-1478650161.2'
[INFO] (2016-11-08 16:09:21,318) Importing from bin/tokenizer/output-1478650161.2/bookkeeping_projs/bookkeeping-proj-1.projs
[INFO] (2016-11-08 16:09:21,318) Importing from bin/tokenizer/output-1478650161.2/bookkeeping_projs/bookkeeping-proj-2.projs
[INFO] (2016-11-08 16:09:21,319) Importing from bin/tokenizer/output-1478650161.2/bookkeeping_projs/bookkeeping-proj-0.projs
[INFO] (2016-11-08 16:09:21,319) Importing from bin/tokenizer/output-1478650161.2/bookkeeping_projs/bookkeeping-proj-3.projs
[INFO] (2016-11-08 16:09:21,319) Importing from bin/tokenizer/output-1478650161.2/bookkeeping_projs/bookkeeping-proj-4.projs
[INFO] (2016-11-08 16:09:21,319) Importing from bin/tokenizer/output-1478650161.2/bookkeeping_projs/bookkeeping-proj-5.projs
[INFO] (2016-11-08 16:09:21,320) Importing from bin/tokenizer/output-1478650161.2/bookkeeping_projs/bookkeeping-proj-6.projs
[INFO] (2016-11-08 16:09:21,320) Importing from bin/tokenizer/output-1478650161.2/files_stats/files-stats-5.stats
[INFO] (2016-11-08 16:09:21,321) Importing from bin/tokenizer/output-1478650161.2/files_stats/files-stats-4.stats
[INFO] (2016-11-08 16:09:21,322) Importing from bin/tokenizer/output-1478650161.2/files_stats/files-stats-3.stats
[INFO] (2016-11-08 16:09:21,323) Importing from bin/tokenizer/output-1478650161.2/files_stats/files-stats-2.stats
[INFO] (2016-11-08 16:09:21,325) Importing from bin/tokenizer/output-1478650161.2/files_stats/files-stats-0.stats
[INFO] (2016-11-08 16:09:21,326) Importing from bin/tokenizer/output-1478650161.2/files_stats/files-stats-6.stats
[INFO] (2016-11-08 16:09:21,326) Importing from bin/tokenizer/output-1478650161.2/files_stats/files-stats-1.stats
[INFO] (2016-11-08 16:09:21,334) Importing from bin/tokenizer/output-1478650161.2/files_tokens/files-tokens-1.tokens
[INFO] (2016-11-08 16:09:21,342) Importing from bin/tokenizer/output-1478650161.2/files_tokens/files-tokens-2.tokens
[INFO] (2016-11-08 16:09:21,344) Importing from bin/tokenizer/output-1478650161.2/files_tokens/files-tokens-5.tokens
[INFO] (2016-11-08 16:09:21,345) Importing from bin/tokenizer/output-1478650161.2/files_tokens/files-tokens-6.tokens
[INFO] (2016-11-08 16:09:21,345) Importing from bin/tokenizer/output-1478650161.2/files_tokens/files-tokens-0.tokens
[INFO] (2016-11-08 16:09:21,346) Importing from bin/tokenizer/output-1478650161.2/files_tokens/files-tokens-4.tokens
[INFO] (2016-11-08 16:09:21,348) Importing from bin/tokenizer/output-1478650161.2/files_tokens/files-tokens-3.tokens
[INFO] (2016-11-08 16:09:21,349) All information successfully imported to database
