[INFO] (2016-11-08 16:43:06,102) Config file successfully read
[INFO] (2016-11-08 16:43:06,138) Connection to database 'TEMPLeidos' successful
[INFO] (2016-11-08 16:43:06,138) Database 'TEMPLeidos' successfully initialized
[INFO] (2016-11-08 16:43:06,138) Starting tokenizer
[INFO] (2016-11-08 16:43:06,138) Project ids start at 3000000031 and file ids start at 131
[INFO] (2016-11-08 16:43:06,138) Editing tokenizer config file in 'bin/tokenizer/config.ini'
[INFO] (2016-11-08 16:43:06,139) Starting tokenizer, output in 'bin/tokenizer/output-1478652186.14'
[INFO] (2016-11-08 16:43:06,262) Tokenizer finished
[INFO] (2016-11-08 16:43:06,262) Starting importing to database 'TEMPLeidos' from folder 'bin/tokenizer/output-1478652186.14'
[INFO] (2016-11-08 16:43:06,263) Importing from bin/tokenizer/output-1478652186.14/bookkeeping_projs/bookkeeping-proj-1.projs
[INFO] (2016-11-08 16:43:06,263) Importing from bin/tokenizer/output-1478652186.14/bookkeeping_projs/bookkeeping-proj-2.projs
[INFO] (2016-11-08 16:43:06,264) Importing from bin/tokenizer/output-1478652186.14/bookkeeping_projs/bookkeeping-proj-0.projs
[INFO] (2016-11-08 16:43:06,264) Importing from bin/tokenizer/output-1478652186.14/bookkeeping_projs/bookkeeping-proj-3.projs
[INFO] (2016-11-08 16:43:06,264) Importing from bin/tokenizer/output-1478652186.14/bookkeeping_projs/bookkeeping-proj-4.projs
[INFO] (2016-11-08 16:43:06,264) Importing from bin/tokenizer/output-1478652186.14/bookkeeping_projs/bookkeeping-proj-5.projs
[INFO] (2016-11-08 16:43:06,265) Importing from bin/tokenizer/output-1478652186.14/bookkeeping_projs/bookkeeping-proj-6.projs
[INFO] (2016-11-08 16:43:06,265) Importing from bin/tokenizer/output-1478652186.14/files_stats/files-stats-5.stats
[INFO] (2016-11-08 16:43:06,266) Importing from bin/tokenizer/output-1478652186.14/files_stats/files-stats-4.stats
[INFO] (2016-11-08 16:43:06,267) Importing from bin/tokenizer/output-1478652186.14/files_stats/files-stats-3.stats
[INFO] (2016-11-08 16:43:06,268) Importing from bin/tokenizer/output-1478652186.14/files_stats/files-stats-2.stats
[INFO] (2016-11-08 16:43:06,270) Importing from bin/tokenizer/output-1478652186.14/files_stats/files-stats-0.stats
[INFO] (2016-11-08 16:43:06,271) Importing from bin/tokenizer/output-1478652186.14/files_stats/files-stats-6.stats
[INFO] (2016-11-08 16:43:06,271) Importing from bin/tokenizer/output-1478652186.14/files_stats/files-stats-1.stats
[INFO] (2016-11-08 16:43:06,280) Importing from bin/tokenizer/output-1478652186.14/files_tokens/files-tokens-1.tokens
[INFO] (2016-11-08 16:43:06,290) Importing from bin/tokenizer/output-1478652186.14/files_tokens/files-tokens-2.tokens
[INFO] (2016-11-08 16:43:06,292) Importing from bin/tokenizer/output-1478652186.14/files_tokens/files-tokens-5.tokens
[INFO] (2016-11-08 16:43:06,293) Importing from bin/tokenizer/output-1478652186.14/files_tokens/files-tokens-6.tokens
[INFO] (2016-11-08 16:43:06,293) Importing from bin/tokenizer/output-1478652186.14/files_tokens/files-tokens-0.tokens
[INFO] (2016-11-08 16:43:06,294) Importing from bin/tokenizer/output-1478652186.14/files_tokens/files-tokens-4.tokens
[INFO] (2016-11-08 16:43:06,296) Importing from bin/tokenizer/output-1478652186.14/files_tokens/files-tokens-3.tokens
[INFO] (2016-11-08 16:43:06,297) All information successfully imported to database
