[INFO] (2016-11-09 13:00:32,177) Config file successfully read
[INFO] (2016-11-09 13:00:32,199) Connection to database 'TEMPLeidos' successful
[INFO] (2016-11-09 13:00:32,199) Database 'TEMPLeidos' successfully initialized
[INFO] (2016-11-09 13:00:32,199) Starting tokenizer
[INFO] (2016-11-09 13:00:32,200) Project ids start at 900000010 and file ids start at 40
[INFO] (2016-11-09 13:00:32,200) Editing tokenizer config file in 'bin/tokenizer/config.ini'
[INFO] (2016-11-09 13:00:32,202) Starting tokenizer, output in 'bin/tokenizer/output-1478725232.2'
[INFO] (2016-11-09 13:00:32,327) Tokenizer finished
[INFO] (2016-11-09 13:00:32,327) Starting importing to database 'TEMPLeidos' from folder 'bin/tokenizer/output-1478725232.2'
[INFO] (2016-11-09 13:00:32,327) Importing from bin/tokenizer/output-1478725232.2/bookkeeping_projs/bookkeeping-proj-1.projs
[INFO] (2016-11-09 13:00:32,328) Importing from bin/tokenizer/output-1478725232.2/bookkeeping_projs/bookkeeping-proj-2.projs
[INFO] (2016-11-09 13:00:32,328) Importing from bin/tokenizer/output-1478725232.2/bookkeeping_projs/bookkeeping-proj-0.projs
[INFO] (2016-11-09 13:00:32,328) Importing from bin/tokenizer/output-1478725232.2/bookkeeping_projs/bookkeeping-proj-3.projs
[INFO] (2016-11-09 13:00:32,328) Importing from bin/tokenizer/output-1478725232.2/bookkeeping_projs/bookkeeping-proj-4.projs
[INFO] (2016-11-09 13:00:32,329) Importing from bin/tokenizer/output-1478725232.2/bookkeeping_projs/bookkeeping-proj-5.projs
[INFO] (2016-11-09 13:00:32,329) Importing from bin/tokenizer/output-1478725232.2/bookkeeping_projs/bookkeeping-proj-6.projs
[INFO] (2016-11-09 13:00:32,329) Importing from bin/tokenizer/output-1478725232.2/files_stats/files-stats-5.stats
[INFO] (2016-11-09 13:00:32,330) Importing from bin/tokenizer/output-1478725232.2/files_stats/files-stats-4.stats
[INFO] (2016-11-09 13:00:32,332) Importing from bin/tokenizer/output-1478725232.2/files_stats/files-stats-3.stats
[INFO] (2016-11-09 13:00:32,332) Importing from bin/tokenizer/output-1478725232.2/files_stats/files-stats-2.stats
[INFO] (2016-11-09 13:00:32,334) Importing from bin/tokenizer/output-1478725232.2/files_stats/files-stats-0.stats
[INFO] (2016-11-09 13:00:32,335) Importing from bin/tokenizer/output-1478725232.2/files_stats/files-stats-6.stats
[INFO] (2016-11-09 13:00:32,335) Importing from bin/tokenizer/output-1478725232.2/files_stats/files-stats-1.stats
[INFO] (2016-11-09 13:00:32,344) Importing from bin/tokenizer/output-1478725232.2/files_tokens/files-tokens-1.tokens
[INFO] (2016-11-09 13:00:32,351) Importing from bin/tokenizer/output-1478725232.2/files_tokens/files-tokens-2.tokens
[INFO] (2016-11-09 13:00:32,353) Importing from bin/tokenizer/output-1478725232.2/files_tokens/files-tokens-5.tokens
[INFO] (2016-11-09 13:00:32,354) Importing from bin/tokenizer/output-1478725232.2/files_tokens/files-tokens-6.tokens
[INFO] (2016-11-09 13:00:32,355) Importing from bin/tokenizer/output-1478725232.2/files_tokens/files-tokens-0.tokens
[INFO] (2016-11-09 13:00:32,356) Importing from bin/tokenizer/output-1478725232.2/files_tokens/files-tokens-4.tokens
[INFO] (2016-11-09 13:00:32,358) Importing from bin/tokenizer/output-1478725232.2/files_tokens/files-tokens-3.tokens
[INFO] (2016-11-09 13:00:32,359) All information successfully imported to database
