[INFO] (2016-11-08 16:09:22,809) Config file successfully read
[INFO] (2016-11-08 16:09:22,831) Connection to database 'TEMPLeidos' successful
[INFO] (2016-11-08 16:09:22,831) Database 'TEMPLeidos' successfully initialized
[INFO] (2016-11-08 16:09:22,831) Starting tokenizer
[INFO] (2016-11-08 16:09:22,832) Project ids start at 2100000022 and file ids start at 97
[INFO] (2016-11-08 16:09:22,832) Editing tokenizer config file in 'bin/tokenizer/config.ini'
[INFO] (2016-11-08 16:09:22,832) Starting tokenizer, output in 'bin/tokenizer/output-1478650162.83'
[INFO] (2016-11-08 16:09:22,950) Tokenizer finished
[INFO] (2016-11-08 16:09:22,950) Starting importing to database 'TEMPLeidos' from folder 'bin/tokenizer/output-1478650162.83'
[INFO] (2016-11-08 16:09:22,950) Importing from bin/tokenizer/output-1478650162.83/bookkeeping_projs/bookkeeping-proj-1.projs
[INFO] (2016-11-08 16:09:22,951) Importing from bin/tokenizer/output-1478650162.83/bookkeeping_projs/bookkeeping-proj-2.projs
[INFO] (2016-11-08 16:09:22,951) Importing from bin/tokenizer/output-1478650162.83/bookkeeping_projs/bookkeeping-proj-0.projs
[INFO] (2016-11-08 16:09:22,951) Importing from bin/tokenizer/output-1478650162.83/bookkeeping_projs/bookkeeping-proj-3.projs
[INFO] (2016-11-08 16:09:22,951) Importing from bin/tokenizer/output-1478650162.83/bookkeeping_projs/bookkeeping-proj-4.projs
[INFO] (2016-11-08 16:09:22,952) Importing from bin/tokenizer/output-1478650162.83/bookkeeping_projs/bookkeeping-proj-5.projs
[INFO] (2016-11-08 16:09:22,952) Importing from bin/tokenizer/output-1478650162.83/bookkeeping_projs/bookkeeping-proj-6.projs
[INFO] (2016-11-08 16:09:22,952) Importing from bin/tokenizer/output-1478650162.83/files_stats/files-stats-5.stats
[INFO] (2016-11-08 16:09:22,953) Importing from bin/tokenizer/output-1478650162.83/files_stats/files-stats-4.stats
[INFO] (2016-11-08 16:09:22,955) Importing from bin/tokenizer/output-1478650162.83/files_stats/files-stats-3.stats
[INFO] (2016-11-08 16:09:22,956) Importing from bin/tokenizer/output-1478650162.83/files_stats/files-stats-2.stats
[INFO] (2016-11-08 16:09:22,958) Importing from bin/tokenizer/output-1478650162.83/files_stats/files-stats-0.stats
[INFO] (2016-11-08 16:09:22,958) Importing from bin/tokenizer/output-1478650162.83/files_stats/files-stats-6.stats
[INFO] (2016-11-08 16:09:22,959) Importing from bin/tokenizer/output-1478650162.83/files_stats/files-stats-1.stats
[INFO] (2016-11-08 16:09:22,968) Importing from bin/tokenizer/output-1478650162.83/files_tokens/files-tokens-1.tokens
[INFO] (2016-11-08 16:09:22,976) Importing from bin/tokenizer/output-1478650162.83/files_tokens/files-tokens-2.tokens
[INFO] (2016-11-08 16:09:22,978) Importing from bin/tokenizer/output-1478650162.83/files_tokens/files-tokens-5.tokens
[INFO] (2016-11-08 16:09:22,979) Importing from bin/tokenizer/output-1478650162.83/files_tokens/files-tokens-6.tokens
[INFO] (2016-11-08 16:09:22,979) Importing from bin/tokenizer/output-1478650162.83/files_tokens/files-tokens-0.tokens
[INFO] (2016-11-08 16:09:22,979) Importing from bin/tokenizer/output-1478650162.83/files_tokens/files-tokens-4.tokens
[INFO] (2016-11-08 16:09:22,981) Importing from bin/tokenizer/output-1478650162.83/files_tokens/files-tokens-3.tokens
[INFO] (2016-11-08 16:09:22,982) All information successfully imported to database
