[INFO] (2016-11-08 16:39:55,333) Config file successfully read
[INFO] (2016-11-08 16:39:55,357) Connection to database 'TEMPLeidos' successful
[INFO] (2016-11-08 16:39:55,357) Database 'TEMPLeidos' successfully initialized
[INFO] (2016-11-08 16:39:55,358) Starting tokenizer
[INFO] (2016-11-08 16:39:55,358) Project ids start at 1200000013 and file ids start at 53
[INFO] (2016-11-08 16:39:55,358) Editing tokenizer config file in 'bin/tokenizer/config.ini'
[INFO] (2016-11-08 16:39:55,358) Starting tokenizer, output in 'bin/tokenizer/output-1478651995.36'
[INFO] (2016-11-08 16:39:55,472) Tokenizer finished
[INFO] (2016-11-08 16:39:55,472) Starting importing to database 'TEMPLeidos' from folder 'bin/tokenizer/output-1478651995.36'
[INFO] (2016-11-08 16:39:55,473) Importing from bin/tokenizer/output-1478651995.36/bookkeeping_projs/bookkeeping-proj-1.projs
[INFO] (2016-11-08 16:39:55,473) Importing from bin/tokenizer/output-1478651995.36/bookkeeping_projs/bookkeeping-proj-2.projs
[INFO] (2016-11-08 16:39:55,473) Importing from bin/tokenizer/output-1478651995.36/bookkeeping_projs/bookkeeping-proj-0.projs
[INFO] (2016-11-08 16:39:55,474) Importing from bin/tokenizer/output-1478651995.36/bookkeeping_projs/bookkeeping-proj-3.projs
[INFO] (2016-11-08 16:39:55,474) Importing from bin/tokenizer/output-1478651995.36/bookkeeping_projs/bookkeeping-proj-4.projs
[INFO] (2016-11-08 16:39:55,474) Importing from bin/tokenizer/output-1478651995.36/bookkeeping_projs/bookkeeping-proj-5.projs
[INFO] (2016-11-08 16:39:55,474) Importing from bin/tokenizer/output-1478651995.36/bookkeeping_projs/bookkeeping-proj-6.projs
[INFO] (2016-11-08 16:39:55,474) Importing from bin/tokenizer/output-1478651995.36/files_stats/files-stats-5.stats
[INFO] (2016-11-08 16:39:55,475) Importing from bin/tokenizer/output-1478651995.36/files_stats/files-stats-4.stats
[INFO] (2016-11-08 16:39:55,477) Importing from bin/tokenizer/output-1478651995.36/files_stats/files-stats-3.stats
[INFO] (2016-11-08 16:39:55,478) Importing from bin/tokenizer/output-1478651995.36/files_stats/files-stats-2.stats
[INFO] (2016-11-08 16:39:55,480) Importing from bin/tokenizer/output-1478651995.36/files_stats/files-stats-0.stats
[INFO] (2016-11-08 16:39:55,481) Importing from bin/tokenizer/output-1478651995.36/files_stats/files-stats-6.stats
[INFO] (2016-11-08 16:39:55,481) Importing from bin/tokenizer/output-1478651995.36/files_stats/files-stats-1.stats
[INFO] (2016-11-08 16:39:55,490) Importing from bin/tokenizer/output-1478651995.36/files_tokens/files-tokens-1.tokens
[INFO] (2016-11-08 16:39:55,499) Importing from bin/tokenizer/output-1478651995.36/files_tokens/files-tokens-2.tokens
[INFO] (2016-11-08 16:39:55,500) Importing from bin/tokenizer/output-1478651995.36/files_tokens/files-tokens-5.tokens
[INFO] (2016-11-08 16:39:55,501) Importing from bin/tokenizer/output-1478651995.36/files_tokens/files-tokens-6.tokens
[INFO] (2016-11-08 16:39:55,502) Importing from bin/tokenizer/output-1478651995.36/files_tokens/files-tokens-0.tokens
[INFO] (2016-11-08 16:39:55,502) Importing from bin/tokenizer/output-1478651995.36/files_tokens/files-tokens-4.tokens
[INFO] (2016-11-08 16:39:55,504) Importing from bin/tokenizer/output-1478651995.36/files_tokens/files-tokens-3.tokens
[INFO] (2016-11-08 16:39:55,505) All information successfully imported to database
