[INFO] (2016-11-08 16:43:04,670) Config file successfully read
[INFO] (2016-11-08 16:43:04,693) Connection to database 'TEMPLeidos' successful
[INFO] (2016-11-08 16:43:04,693) Database 'TEMPLeidos' successfully initialized
[INFO] (2016-11-08 16:43:04,693) Starting tokenizer
[INFO] (2016-11-08 16:43:04,693) Project ids start at 1200000013 and file ids start at 53
[INFO] (2016-11-08 16:43:04,693) Editing tokenizer config file in 'bin/tokenizer/config.ini'
[INFO] (2016-11-08 16:43:04,693) Starting tokenizer, output in 'bin/tokenizer/output-1478652184.69'
[INFO] (2016-11-08 16:43:04,815) Tokenizer finished
[INFO] (2016-11-08 16:43:04,815) Starting importing to database 'TEMPLeidos' from folder 'bin/tokenizer/output-1478652184.69'
[INFO] (2016-11-08 16:43:04,816) Importing from bin/tokenizer/output-1478652184.69/bookkeeping_projs/bookkeeping-proj-1.projs
[INFO] (2016-11-08 16:43:04,816) Importing from bin/tokenizer/output-1478652184.69/bookkeeping_projs/bookkeeping-proj-2.projs
[INFO] (2016-11-08 16:43:04,817) Importing from bin/tokenizer/output-1478652184.69/bookkeeping_projs/bookkeeping-proj-0.projs
[INFO] (2016-11-08 16:43:04,817) Importing from bin/tokenizer/output-1478652184.69/bookkeeping_projs/bookkeeping-proj-3.projs
[INFO] (2016-11-08 16:43:04,818) Importing from bin/tokenizer/output-1478652184.69/bookkeeping_projs/bookkeeping-proj-4.projs
[INFO] (2016-11-08 16:43:04,818) Importing from bin/tokenizer/output-1478652184.69/bookkeeping_projs/bookkeeping-proj-5.projs
[INFO] (2016-11-08 16:43:04,818) Importing from bin/tokenizer/output-1478652184.69/bookkeeping_projs/bookkeeping-proj-6.projs
[INFO] (2016-11-08 16:43:04,818) Importing from bin/tokenizer/output-1478652184.69/files_stats/files-stats-5.stats
[INFO] (2016-11-08 16:43:04,819) Importing from bin/tokenizer/output-1478652184.69/files_stats/files-stats-4.stats
[INFO] (2016-11-08 16:43:04,821) Importing from bin/tokenizer/output-1478652184.69/files_stats/files-stats-3.stats
[INFO] (2016-11-08 16:43:04,822) Importing from bin/tokenizer/output-1478652184.69/files_stats/files-stats-2.stats
[INFO] (2016-11-08 16:43:04,823) Importing from bin/tokenizer/output-1478652184.69/files_stats/files-stats-0.stats
[INFO] (2016-11-08 16:43:04,824) Importing from bin/tokenizer/output-1478652184.69/files_stats/files-stats-6.stats
[INFO] (2016-11-08 16:43:04,824) Importing from bin/tokenizer/output-1478652184.69/files_stats/files-stats-1.stats
[INFO] (2016-11-08 16:43:04,834) Importing from bin/tokenizer/output-1478652184.69/files_tokens/files-tokens-1.tokens
[INFO] (2016-11-08 16:43:04,842) Importing from bin/tokenizer/output-1478652184.69/files_tokens/files-tokens-2.tokens
[INFO] (2016-11-08 16:43:04,844) Importing from bin/tokenizer/output-1478652184.69/files_tokens/files-tokens-5.tokens
[INFO] (2016-11-08 16:43:04,844) Importing from bin/tokenizer/output-1478652184.69/files_tokens/files-tokens-6.tokens
[INFO] (2016-11-08 16:43:04,845) Importing from bin/tokenizer/output-1478652184.69/files_tokens/files-tokens-0.tokens
[INFO] (2016-11-08 16:43:04,845) Importing from bin/tokenizer/output-1478652184.69/files_tokens/files-tokens-4.tokens
[INFO] (2016-11-08 16:43:04,847) Importing from bin/tokenizer/output-1478652184.69/files_tokens/files-tokens-3.tokens
[INFO] (2016-11-08 16:43:04,848) All information successfully imported to database
