[INFO] (2016-11-08 16:42:01,878) Config file successfully read
[INFO] (2016-11-08 16:42:01,923) Connection to database 'TEMPLeidos' successful
[INFO] (2016-11-08 16:42:01,923) Database 'TEMPLeidos' successfully initialized
[INFO] (2016-11-08 16:42:01,924) Starting tokenizer
[INFO] (2016-11-08 16:42:01,924) Project ids start at 1 and file ids start at 1
[INFO] (2016-11-08 16:42:01,924) Editing tokenizer config file in 'bin/tokenizer/config.ini'
[INFO] (2016-11-08 16:42:01,925) Starting tokenizer, output in 'bin/tokenizer/output-1478652121.93'
[INFO] (2016-11-08 16:42:02,029) Tokenizer finished
[INFO] (2016-11-08 16:42:02,029) Starting importing to database 'TEMPLeidos' from folder 'bin/tokenizer/output-1478652121.93'
[INFO] (2016-11-08 16:42:02,030) Importing from bin/tokenizer/output-1478652121.93/bookkeeping_projs/bookkeeping-proj-1.projs
[INFO] (2016-11-08 16:42:02,030) Importing from bin/tokenizer/output-1478652121.93/bookkeeping_projs/bookkeeping-proj-2.projs
[INFO] (2016-11-08 16:42:02,030) Importing from bin/tokenizer/output-1478652121.93/bookkeeping_projs/bookkeeping-proj-0.projs
[INFO] (2016-11-08 16:42:02,030) Importing from bin/tokenizer/output-1478652121.93/bookkeeping_projs/bookkeeping-proj-3.projs
[INFO] (2016-11-08 16:42:02,030) Importing from bin/tokenizer/output-1478652121.93/bookkeeping_projs/bookkeeping-proj-4.projs
[INFO] (2016-11-08 16:42:02,031) Importing from bin/tokenizer/output-1478652121.93/bookkeeping_projs/bookkeeping-proj-5.projs
[INFO] (2016-11-08 16:42:02,031) Importing from bin/tokenizer/output-1478652121.93/bookkeeping_projs/bookkeeping-proj-6.projs
[INFO] (2016-11-08 16:42:02,031) Importing from bin/tokenizer/output-1478652121.93/files_stats/files-stats-5.stats
[INFO] (2016-11-08 16:42:02,032) Importing from bin/tokenizer/output-1478652121.93/files_stats/files-stats-4.stats
[INFO] (2016-11-08 16:42:02,034) Importing from bin/tokenizer/output-1478652121.93/files_stats/files-stats-3.stats
[INFO] (2016-11-08 16:42:02,035) Importing from bin/tokenizer/output-1478652121.93/files_stats/files-stats-2.stats
[INFO] (2016-11-08 16:42:02,036) Importing from bin/tokenizer/output-1478652121.93/files_stats/files-stats-0.stats
[INFO] (2016-11-08 16:42:02,037) Importing from bin/tokenizer/output-1478652121.93/files_stats/files-stats-6.stats
[INFO] (2016-11-08 16:42:02,037) Importing from bin/tokenizer/output-1478652121.93/files_stats/files-stats-1.stats
[INFO] (2016-11-08 16:42:02,046) Importing from bin/tokenizer/output-1478652121.93/files_tokens/files-tokens-1.tokens
[INFO] (2016-11-08 16:42:02,053) Importing from bin/tokenizer/output-1478652121.93/files_tokens/files-tokens-2.tokens
[INFO] (2016-11-08 16:42:02,055) Importing from bin/tokenizer/output-1478652121.93/files_tokens/files-tokens-5.tokens
[INFO] (2016-11-08 16:42:02,056) Importing from bin/tokenizer/output-1478652121.93/files_tokens/files-tokens-6.tokens
[INFO] (2016-11-08 16:42:02,056) Importing from bin/tokenizer/output-1478652121.93/files_tokens/files-tokens-0.tokens
[INFO] (2016-11-08 16:42:02,057) Importing from bin/tokenizer/output-1478652121.93/files_tokens/files-tokens-4.tokens
[INFO] (2016-11-08 16:42:02,058) Importing from bin/tokenizer/output-1478652121.93/files_tokens/files-tokens-3.tokens
[INFO] (2016-11-08 16:42:02,059) All information successfully imported to database
