[INFO] (2016-11-08 16:43:03,470) Config file successfully read
[INFO] (2016-11-08 16:43:03,515) Connection to database 'TEMPLeidos' successful
[INFO] (2016-11-08 16:43:03,516) Database 'TEMPLeidos' successfully initialized
[INFO] (2016-11-08 16:43:03,516) Starting tokenizer
[INFO] (2016-11-08 16:43:03,516) Project ids start at 1 and file ids start at 1
[INFO] (2016-11-08 16:43:03,517) Editing tokenizer config file in 'bin/tokenizer/config.ini'
[INFO] (2016-11-08 16:43:03,517) Starting tokenizer, output in 'bin/tokenizer/output-1478652183.52'
[INFO] (2016-11-08 16:43:03,642) Tokenizer finished
[INFO] (2016-11-08 16:43:03,642) Starting importing to database 'TEMPLeidos' from folder 'bin/tokenizer/output-1478652183.52'
[INFO] (2016-11-08 16:43:03,643) Importing from bin/tokenizer/output-1478652183.52/bookkeeping_projs/bookkeeping-proj-1.projs
[INFO] (2016-11-08 16:43:03,643) Importing from bin/tokenizer/output-1478652183.52/bookkeeping_projs/bookkeeping-proj-2.projs
[INFO] (2016-11-08 16:43:03,643) Importing from bin/tokenizer/output-1478652183.52/bookkeeping_projs/bookkeeping-proj-0.projs
[INFO] (2016-11-08 16:43:03,643) Importing from bin/tokenizer/output-1478652183.52/bookkeeping_projs/bookkeeping-proj-3.projs
[INFO] (2016-11-08 16:43:03,644) Importing from bin/tokenizer/output-1478652183.52/bookkeeping_projs/bookkeeping-proj-4.projs
[INFO] (2016-11-08 16:43:03,644) Importing from bin/tokenizer/output-1478652183.52/bookkeeping_projs/bookkeeping-proj-5.projs
[INFO] (2016-11-08 16:43:03,644) Importing from bin/tokenizer/output-1478652183.52/bookkeeping_projs/bookkeeping-proj-6.projs
[INFO] (2016-11-08 16:43:03,644) Importing from bin/tokenizer/output-1478652183.52/files_stats/files-stats-5.stats
[INFO] (2016-11-08 16:43:03,645) Importing from bin/tokenizer/output-1478652183.52/files_stats/files-stats-4.stats
[INFO] (2016-11-08 16:43:03,647) Importing from bin/tokenizer/output-1478652183.52/files_stats/files-stats-3.stats
[INFO] (2016-11-08 16:43:03,647) Importing from bin/tokenizer/output-1478652183.52/files_stats/files-stats-2.stats
[INFO] (2016-11-08 16:43:03,649) Importing from bin/tokenizer/output-1478652183.52/files_stats/files-stats-0.stats
[INFO] (2016-11-08 16:43:03,650) Importing from bin/tokenizer/output-1478652183.52/files_stats/files-stats-6.stats
[INFO] (2016-11-08 16:43:03,650) Importing from bin/tokenizer/output-1478652183.52/files_stats/files-stats-1.stats
[INFO] (2016-11-08 16:43:03,659) Importing from bin/tokenizer/output-1478652183.52/files_tokens/files-tokens-1.tokens
[INFO] (2016-11-08 16:43:03,666) Importing from bin/tokenizer/output-1478652183.52/files_tokens/files-tokens-2.tokens
[INFO] (2016-11-08 16:43:03,668) Importing from bin/tokenizer/output-1478652183.52/files_tokens/files-tokens-5.tokens
[INFO] (2016-11-08 16:43:03,668) Importing from bin/tokenizer/output-1478652183.52/files_tokens/files-tokens-6.tokens
[INFO] (2016-11-08 16:43:03,669) Importing from bin/tokenizer/output-1478652183.52/files_tokens/files-tokens-0.tokens
[INFO] (2016-11-08 16:43:03,669) Importing from bin/tokenizer/output-1478652183.52/files_tokens/files-tokens-4.tokens
[INFO] (2016-11-08 16:43:03,671) Importing from bin/tokenizer/output-1478652183.52/files_tokens/files-tokens-3.tokens
[INFO] (2016-11-08 16:43:03,672) All information successfully imported to database
