[INFO] (2016-11-08 16:43:05,142) Config file successfully read
[INFO] (2016-11-08 16:43:05,165) Connection to database 'TEMPLeidos' successful
[INFO] (2016-11-08 16:43:05,165) Database 'TEMPLeidos' successfully initialized
[INFO] (2016-11-08 16:43:05,165) Starting tokenizer
[INFO] (2016-11-08 16:43:05,166) Project ids start at 1800000019 and file ids start at 79
[INFO] (2016-11-08 16:43:05,166) Editing tokenizer config file in 'bin/tokenizer/config.ini'
[INFO] (2016-11-08 16:43:05,166) Starting tokenizer, output in 'bin/tokenizer/output-1478652185.17'
[INFO] (2016-11-08 16:43:05,282) Tokenizer finished
[INFO] (2016-11-08 16:43:05,282) Starting importing to database 'TEMPLeidos' from folder 'bin/tokenizer/output-1478652185.17'
[INFO] (2016-11-08 16:43:05,283) Importing from bin/tokenizer/output-1478652185.17/bookkeeping_projs/bookkeeping-proj-1.projs
[INFO] (2016-11-08 16:43:05,283) Importing from bin/tokenizer/output-1478652185.17/bookkeeping_projs/bookkeeping-proj-2.projs
[INFO] (2016-11-08 16:43:05,284) Importing from bin/tokenizer/output-1478652185.17/bookkeeping_projs/bookkeeping-proj-0.projs
[INFO] (2016-11-08 16:43:05,284) Importing from bin/tokenizer/output-1478652185.17/bookkeeping_projs/bookkeeping-proj-3.projs
[INFO] (2016-11-08 16:43:05,284) Importing from bin/tokenizer/output-1478652185.17/bookkeeping_projs/bookkeeping-proj-4.projs
[INFO] (2016-11-08 16:43:05,284) Importing from bin/tokenizer/output-1478652185.17/bookkeeping_projs/bookkeeping-proj-5.projs
[INFO] (2016-11-08 16:43:05,284) Importing from bin/tokenizer/output-1478652185.17/bookkeeping_projs/bookkeeping-proj-6.projs
[INFO] (2016-11-08 16:43:05,284) Importing from bin/tokenizer/output-1478652185.17/files_stats/files-stats-5.stats
[INFO] (2016-11-08 16:43:05,285) Importing from bin/tokenizer/output-1478652185.17/files_stats/files-stats-4.stats
[INFO] (2016-11-08 16:43:05,287) Importing from bin/tokenizer/output-1478652185.17/files_stats/files-stats-3.stats
[INFO] (2016-11-08 16:43:05,288) Importing from bin/tokenizer/output-1478652185.17/files_stats/files-stats-2.stats
[INFO] (2016-11-08 16:43:05,290) Importing from bin/tokenizer/output-1478652185.17/files_stats/files-stats-0.stats
[INFO] (2016-11-08 16:43:05,291) Importing from bin/tokenizer/output-1478652185.17/files_stats/files-stats-6.stats
[INFO] (2016-11-08 16:43:05,291) Importing from bin/tokenizer/output-1478652185.17/files_stats/files-stats-1.stats
[INFO] (2016-11-08 16:43:05,300) Importing from bin/tokenizer/output-1478652185.17/files_tokens/files-tokens-1.tokens
[INFO] (2016-11-08 16:43:05,308) Importing from bin/tokenizer/output-1478652185.17/files_tokens/files-tokens-2.tokens
[INFO] (2016-11-08 16:43:05,310) Importing from bin/tokenizer/output-1478652185.17/files_tokens/files-tokens-5.tokens
[INFO] (2016-11-08 16:43:05,311) Importing from bin/tokenizer/output-1478652185.17/files_tokens/files-tokens-6.tokens
[INFO] (2016-11-08 16:43:05,311) Importing from bin/tokenizer/output-1478652185.17/files_tokens/files-tokens-0.tokens
[INFO] (2016-11-08 16:43:05,312) Importing from bin/tokenizer/output-1478652185.17/files_tokens/files-tokens-4.tokens
[INFO] (2016-11-08 16:43:05,313) Importing from bin/tokenizer/output-1478652185.17/files_tokens/files-tokens-3.tokens
[INFO] (2016-11-08 16:43:05,314) All information successfully imported to database
