[INFO] (2016-11-08 16:08:42,089) Config file successfully read
[INFO] (2016-11-08 16:08:42,110) Connection to database 'TEMPLeidos' successful
[INFO] (2016-11-08 16:08:42,110) Database 'TEMPLeidos' successfully initialized
[INFO] (2016-11-08 16:08:42,110) Starting tokenizer
[INFO] (2016-11-08 16:08:42,111) Project ids start at 300000004 and file ids start at 19
[INFO] (2016-11-08 16:08:42,111) Editing tokenizer config file in 'bin/tokenizer/config.ini'
[INFO] (2016-11-08 16:08:42,113) Starting tokenizer, output in 'bin/tokenizer/output-1478650122.11'
[INFO] (2016-11-08 16:08:42,223) Tokenizer finished
[INFO] (2016-11-08 16:08:42,224) Starting importing to database 'TEMPLeidos' from folder 'bin/tokenizer/output-1478650122.11'
[INFO] (2016-11-08 16:08:42,224) Importing from bin/tokenizer/output-1478650122.11/bookkeeping_projs/bookkeeping-proj-1.projs
[INFO] (2016-11-08 16:08:42,224) Importing from bin/tokenizer/output-1478650122.11/bookkeeping_projs/bookkeeping-proj-2.projs
[INFO] (2016-11-08 16:08:42,225) Importing from bin/tokenizer/output-1478650122.11/bookkeeping_projs/bookkeeping-proj-0.projs
[INFO] (2016-11-08 16:08:42,225) Importing from bin/tokenizer/output-1478650122.11/bookkeeping_projs/bookkeeping-proj-3.projs
[INFO] (2016-11-08 16:08:42,225) Importing from bin/tokenizer/output-1478650122.11/bookkeeping_projs/bookkeeping-proj-4.projs
[INFO] (2016-11-08 16:08:42,225) Importing from bin/tokenizer/output-1478650122.11/bookkeeping_projs/bookkeeping-proj-5.projs
[INFO] (2016-11-08 16:08:42,226) Importing from bin/tokenizer/output-1478650122.11/bookkeeping_projs/bookkeeping-proj-6.projs
[INFO] (2016-11-08 16:08:42,226) Importing from bin/tokenizer/output-1478650122.11/files_stats/files-stats-5.stats
[INFO] (2016-11-08 16:08:42,227) Importing from bin/tokenizer/output-1478650122.11/files_stats/files-stats-4.stats
[INFO] (2016-11-08 16:08:42,229) Importing from bin/tokenizer/output-1478650122.11/files_stats/files-stats-3.stats
[INFO] (2016-11-08 16:08:42,230) Importing from bin/tokenizer/output-1478650122.11/files_stats/files-stats-2.stats
[INFO] (2016-11-08 16:08:42,233) Importing from bin/tokenizer/output-1478650122.11/files_stats/files-stats-0.stats
[INFO] (2016-11-08 16:08:42,233) Importing from bin/tokenizer/output-1478650122.11/files_stats/files-stats-6.stats
[INFO] (2016-11-08 16:08:42,234) Importing from bin/tokenizer/output-1478650122.11/files_stats/files-stats-1.stats
[INFO] (2016-11-08 16:08:42,244) Importing from bin/tokenizer/output-1478650122.11/files_tokens/files-tokens-1.tokens
[INFO] (2016-11-08 16:08:42,254) Importing from bin/tokenizer/output-1478650122.11/files_tokens/files-tokens-2.tokens
[INFO] (2016-11-08 16:08:42,256) Importing from bin/tokenizer/output-1478650122.11/files_tokens/files-tokens-5.tokens
[INFO] (2016-11-08 16:08:42,257) Importing from bin/tokenizer/output-1478650122.11/files_tokens/files-tokens-6.tokens
[INFO] (2016-11-08 16:08:42,257) Importing from bin/tokenizer/output-1478650122.11/files_tokens/files-tokens-0.tokens
[INFO] (2016-11-08 16:08:42,258) Importing from bin/tokenizer/output-1478650122.11/files_tokens/files-tokens-4.tokens
[INFO] (2016-11-08 16:08:42,260) Importing from bin/tokenizer/output-1478650122.11/files_tokens/files-tokens-3.tokens
[INFO] (2016-11-08 16:08:42,261) All information successfully imported to database
