[INFO] (2016-11-08 16:42:05,317) Config file successfully read
[INFO] (2016-11-08 16:42:05,339) Connection to database 'TEMPLeidos' successful
[INFO] (2016-11-08 16:42:05,340) Database 'TEMPLeidos' successfully initialized
[INFO] (2016-11-08 16:42:05,340) Starting tokenizer
[INFO] (2016-11-08 16:42:05,340) Project ids start at 1500000016 and file ids start at 66
[INFO] (2016-11-08 16:42:05,340) Editing tokenizer config file in 'bin/tokenizer/config.ini'
[INFO] (2016-11-08 16:42:05,340) Starting tokenizer, output in 'bin/tokenizer/output-1478652125.34'
[INFO] (2016-11-08 16:42:05,459) Tokenizer finished
[INFO] (2016-11-08 16:42:05,459) Starting importing to database 'TEMPLeidos' from folder 'bin/tokenizer/output-1478652125.34'
[INFO] (2016-11-08 16:42:05,460) Importing from bin/tokenizer/output-1478652125.34/bookkeeping_projs/bookkeeping-proj-1.projs
[INFO] (2016-11-08 16:42:05,460) Importing from bin/tokenizer/output-1478652125.34/bookkeeping_projs/bookkeeping-proj-2.projs
[INFO] (2016-11-08 16:42:05,460) Importing from bin/tokenizer/output-1478652125.34/bookkeeping_projs/bookkeeping-proj-0.projs
[INFO] (2016-11-08 16:42:05,461) Importing from bin/tokenizer/output-1478652125.34/bookkeeping_projs/bookkeeping-proj-3.projs
[INFO] (2016-11-08 16:42:05,461) Importing from bin/tokenizer/output-1478652125.34/bookkeeping_projs/bookkeeping-proj-4.projs
[INFO] (2016-11-08 16:42:05,461) Importing from bin/tokenizer/output-1478652125.34/bookkeeping_projs/bookkeeping-proj-5.projs
[INFO] (2016-11-08 16:42:05,461) Importing from bin/tokenizer/output-1478652125.34/bookkeeping_projs/bookkeeping-proj-6.projs
[INFO] (2016-11-08 16:42:05,461) Importing from bin/tokenizer/output-1478652125.34/files_stats/files-stats-5.stats
[INFO] (2016-11-08 16:42:05,463) Importing from bin/tokenizer/output-1478652125.34/files_stats/files-stats-4.stats
[INFO] (2016-11-08 16:42:05,465) Importing from bin/tokenizer/output-1478652125.34/files_stats/files-stats-3.stats
[INFO] (2016-11-08 16:42:05,465) Importing from bin/tokenizer/output-1478652125.34/files_stats/files-stats-2.stats
[INFO] (2016-11-08 16:42:05,467) Importing from bin/tokenizer/output-1478652125.34/files_stats/files-stats-0.stats
[INFO] (2016-11-08 16:42:05,468) Importing from bin/tokenizer/output-1478652125.34/files_stats/files-stats-6.stats
[INFO] (2016-11-08 16:42:05,468) Importing from bin/tokenizer/output-1478652125.34/files_stats/files-stats-1.stats
[INFO] (2016-11-08 16:42:05,477) Importing from bin/tokenizer/output-1478652125.34/files_tokens/files-tokens-1.tokens
[INFO] (2016-11-08 16:42:05,485) Importing from bin/tokenizer/output-1478652125.34/files_tokens/files-tokens-2.tokens
[INFO] (2016-11-08 16:42:05,486) Importing from bin/tokenizer/output-1478652125.34/files_tokens/files-tokens-5.tokens
[INFO] (2016-11-08 16:42:05,487) Importing from bin/tokenizer/output-1478652125.34/files_tokens/files-tokens-6.tokens
[INFO] (2016-11-08 16:42:05,487) Importing from bin/tokenizer/output-1478652125.34/files_tokens/files-tokens-0.tokens
[INFO] (2016-11-08 16:42:05,488) Importing from bin/tokenizer/output-1478652125.34/files_tokens/files-tokens-4.tokens
[INFO] (2016-11-08 16:42:05,489) Importing from bin/tokenizer/output-1478652125.34/files_tokens/files-tokens-3.tokens
[INFO] (2016-11-08 16:42:05,490) All information successfully imported to database
