[INFO] (2016-11-08 16:43:06,825) Config file successfully read
[INFO] (2016-11-08 16:43:06,848) Connection to database 'TEMPLeidos' successful
[INFO] (2016-11-08 16:43:06,848) Database 'TEMPLeidos' successfully initialized
[INFO] (2016-11-08 16:43:06,849) Starting tokenizer
[INFO] (2016-11-08 16:43:06,849) Project ids start at 3900000040 and file ids start at 170
[INFO] (2016-11-08 16:43:06,849) Editing tokenizer config file in 'bin/tokenizer/config.ini'
[INFO] (2016-11-08 16:43:06,849) Starting tokenizer, output in 'bin/tokenizer/output-1478652186.85'
[INFO] (2016-11-08 16:43:06,964) Tokenizer finished
[INFO] (2016-11-08 16:43:06,965) Starting importing to database 'TEMPLeidos' from folder 'bin/tokenizer/output-1478652186.85'
[INFO] (2016-11-08 16:43:06,965) Importing from bin/tokenizer/output-1478652186.85/bookkeeping_projs/bookkeeping-proj-1.projs
[INFO] (2016-11-08 16:43:06,966) Importing from bin/tokenizer/output-1478652186.85/bookkeeping_projs/bookkeeping-proj-2.projs
[INFO] (2016-11-08 16:43:06,966) Importing from bin/tokenizer/output-1478652186.85/bookkeeping_projs/bookkeeping-proj-0.projs
[INFO] (2016-11-08 16:43:06,966) Importing from bin/tokenizer/output-1478652186.85/bookkeeping_projs/bookkeeping-proj-3.projs
[INFO] (2016-11-08 16:43:06,966) Importing from bin/tokenizer/output-1478652186.85/bookkeeping_projs/bookkeeping-proj-4.projs
[INFO] (2016-11-08 16:43:06,966) Importing from bin/tokenizer/output-1478652186.85/bookkeeping_projs/bookkeeping-proj-5.projs
[INFO] (2016-11-08 16:43:06,966) Importing from bin/tokenizer/output-1478652186.85/bookkeeping_projs/bookkeeping-proj-6.projs
[INFO] (2016-11-08 16:43:06,967) Importing from bin/tokenizer/output-1478652186.85/files_stats/files-stats-5.stats
[INFO] (2016-11-08 16:43:06,968) Importing from bin/tokenizer/output-1478652186.85/files_stats/files-stats-4.stats
[INFO] (2016-11-08 16:43:06,969) Importing from bin/tokenizer/output-1478652186.85/files_stats/files-stats-3.stats
[INFO] (2016-11-08 16:43:06,970) Importing from bin/tokenizer/output-1478652186.85/files_stats/files-stats-2.stats
[INFO] (2016-11-08 16:43:06,972) Importing from bin/tokenizer/output-1478652186.85/files_stats/files-stats-0.stats
[INFO] (2016-11-08 16:43:06,973) Importing from bin/tokenizer/output-1478652186.85/files_stats/files-stats-6.stats
[INFO] (2016-11-08 16:43:06,973) Importing from bin/tokenizer/output-1478652186.85/files_stats/files-stats-1.stats
[INFO] (2016-11-08 16:43:06,983) Importing from bin/tokenizer/output-1478652186.85/files_tokens/files-tokens-1.tokens
[INFO] (2016-11-08 16:43:06,991) Importing from bin/tokenizer/output-1478652186.85/files_tokens/files-tokens-2.tokens
[INFO] (2016-11-08 16:43:06,993) Importing from bin/tokenizer/output-1478652186.85/files_tokens/files-tokens-5.tokens
[INFO] (2016-11-08 16:43:06,994) Importing from bin/tokenizer/output-1478652186.85/files_tokens/files-tokens-6.tokens
[INFO] (2016-11-08 16:43:06,994) Importing from bin/tokenizer/output-1478652186.85/files_tokens/files-tokens-0.tokens
[INFO] (2016-11-08 16:43:06,995) Importing from bin/tokenizer/output-1478652186.85/files_tokens/files-tokens-4.tokens
[INFO] (2016-11-08 16:43:06,996) Importing from bin/tokenizer/output-1478652186.85/files_tokens/files-tokens-3.tokens
[INFO] (2016-11-08 16:43:06,997) All information successfully imported to database
