[INFO] (2016-11-08 16:09:18,698) Config file successfully read
[INFO] (2016-11-08 16:09:18,721) Connection to database 'TEMPLeidos' successful
[INFO] (2016-11-08 16:09:18,721) Database 'TEMPLeidos' successfully initialized
[INFO] (2016-11-08 16:09:18,721) Starting tokenizer
[INFO] (2016-11-08 16:09:18,721) Project ids start at 600000007 and file ids start at 32
[INFO] (2016-11-08 16:09:18,721) Editing tokenizer config file in 'bin/tokenizer/config.ini'
[INFO] (2016-11-08 16:09:18,722) Starting tokenizer, output in 'bin/tokenizer/output-1478650158.72'
[INFO] (2016-11-08 16:09:18,828) Tokenizer finished
[INFO] (2016-11-08 16:09:18,828) Starting importing to database 'TEMPLeidos' from folder 'bin/tokenizer/output-1478650158.72'
[INFO] (2016-11-08 16:09:18,829) Importing from bin/tokenizer/output-1478650158.72/bookkeeping_projs/bookkeeping-proj-1.projs
[INFO] (2016-11-08 16:09:18,829) Importing from bin/tokenizer/output-1478650158.72/bookkeeping_projs/bookkeeping-proj-2.projs
[INFO] (2016-11-08 16:09:18,829) Importing from bin/tokenizer/output-1478650158.72/bookkeeping_projs/bookkeeping-proj-0.projs
[INFO] (2016-11-08 16:09:18,829) Importing from bin/tokenizer/output-1478650158.72/bookkeeping_projs/bookkeeping-proj-3.projs
[INFO] (2016-11-08 16:09:18,830) Importing from bin/tokenizer/output-1478650158.72/bookkeeping_projs/bookkeeping-proj-4.projs
[INFO] (2016-11-08 16:09:18,830) Importing from bin/tokenizer/output-1478650158.72/bookkeeping_projs/bookkeeping-proj-5.projs
[INFO] (2016-11-08 16:09:18,830) Importing from bin/tokenizer/output-1478650158.72/bookkeeping_projs/bookkeeping-proj-6.projs
[INFO] (2016-11-08 16:09:18,830) Importing from bin/tokenizer/output-1478650158.72/files_stats/files-stats-5.stats
[INFO] (2016-11-08 16:09:18,831) Importing from bin/tokenizer/output-1478650158.72/files_stats/files-stats-4.stats
[INFO] (2016-11-08 16:09:18,833) Importing from bin/tokenizer/output-1478650158.72/files_stats/files-stats-3.stats
[INFO] (2016-11-08 16:09:18,834) Importing from bin/tokenizer/output-1478650158.72/files_stats/files-stats-2.stats
[INFO] (2016-11-08 16:09:18,836) Importing from bin/tokenizer/output-1478650158.72/files_stats/files-stats-0.stats
[INFO] (2016-11-08 16:09:18,836) Importing from bin/tokenizer/output-1478650158.72/files_stats/files-stats-6.stats
[INFO] (2016-11-08 16:09:18,836) Importing from bin/tokenizer/output-1478650158.72/files_stats/files-stats-1.stats
[INFO] (2016-11-08 16:09:18,846) Importing from bin/tokenizer/output-1478650158.72/files_tokens/files-tokens-1.tokens
[INFO] (2016-11-08 16:09:18,853) Importing from bin/tokenizer/output-1478650158.72/files_tokens/files-tokens-2.tokens
[INFO] (2016-11-08 16:09:18,855) Importing from bin/tokenizer/output-1478650158.72/files_tokens/files-tokens-5.tokens
[INFO] (2016-11-08 16:09:18,856) Importing from bin/tokenizer/output-1478650158.72/files_tokens/files-tokens-6.tokens
[INFO] (2016-11-08 16:09:18,856) Importing from bin/tokenizer/output-1478650158.72/files_tokens/files-tokens-0.tokens
[INFO] (2016-11-08 16:09:18,856) Importing from bin/tokenizer/output-1478650158.72/files_tokens/files-tokens-4.tokens
[INFO] (2016-11-08 16:09:18,858) Importing from bin/tokenizer/output-1478650158.72/files_tokens/files-tokens-3.tokens
[INFO] (2016-11-08 16:09:18,859) All information successfully imported to database
