[INFO] (2016-11-08 16:39:58,524) Config file successfully read
[INFO] (2016-11-08 16:39:58,548) Connection to database 'TEMPLeidos' successful
[INFO] (2016-11-08 16:39:58,549) Database 'TEMPLeidos' successfully initialized
[INFO] (2016-11-08 16:39:58,549) Starting tokenizer
[INFO] (2016-11-08 16:39:58,549) Project ids start at 3000000031 and file ids start at 131
[INFO] (2016-11-08 16:39:58,549) Editing tokenizer config file in 'bin/tokenizer/config.ini'
[INFO] (2016-11-08 16:39:58,549) Starting tokenizer, output in 'bin/tokenizer/output-1478651998.55'
[INFO] (2016-11-08 16:39:58,683) Tokenizer finished
[INFO] (2016-11-08 16:39:58,684) Starting importing to database 'TEMPLeidos' from folder 'bin/tokenizer/output-1478651998.55'
[INFO] (2016-11-08 16:39:58,684) Importing from bin/tokenizer/output-1478651998.55/bookkeeping_projs/bookkeeping-proj-1.projs
[INFO] (2016-11-08 16:39:58,684) Importing from bin/tokenizer/output-1478651998.55/bookkeeping_projs/bookkeeping-proj-2.projs
[INFO] (2016-11-08 16:39:58,685) Importing from bin/tokenizer/output-1478651998.55/bookkeeping_projs/bookkeeping-proj-0.projs
[INFO] (2016-11-08 16:39:58,685) Importing from bin/tokenizer/output-1478651998.55/bookkeeping_projs/bookkeeping-proj-3.projs
[INFO] (2016-11-08 16:39:58,685) Importing from bin/tokenizer/output-1478651998.55/bookkeeping_projs/bookkeeping-proj-4.projs
[INFO] (2016-11-08 16:39:58,685) Importing from bin/tokenizer/output-1478651998.55/bookkeeping_projs/bookkeeping-proj-5.projs
[INFO] (2016-11-08 16:39:58,686) Importing from bin/tokenizer/output-1478651998.55/bookkeeping_projs/bookkeeping-proj-6.projs
[INFO] (2016-11-08 16:39:58,686) Importing from bin/tokenizer/output-1478651998.55/files_stats/files-stats-5.stats
[INFO] (2016-11-08 16:39:58,687) Importing from bin/tokenizer/output-1478651998.55/files_stats/files-stats-4.stats
[INFO] (2016-11-08 16:39:58,689) Importing from bin/tokenizer/output-1478651998.55/files_stats/files-stats-3.stats
[INFO] (2016-11-08 16:39:58,690) Importing from bin/tokenizer/output-1478651998.55/files_stats/files-stats-2.stats
[INFO] (2016-11-08 16:39:58,692) Importing from bin/tokenizer/output-1478651998.55/files_stats/files-stats-0.stats
[INFO] (2016-11-08 16:39:58,693) Importing from bin/tokenizer/output-1478651998.55/files_stats/files-stats-6.stats
[INFO] (2016-11-08 16:39:58,694) Importing from bin/tokenizer/output-1478651998.55/files_stats/files-stats-1.stats
[INFO] (2016-11-08 16:39:58,707) Importing from bin/tokenizer/output-1478651998.55/files_tokens/files-tokens-1.tokens
[INFO] (2016-11-08 16:39:58,719) Importing from bin/tokenizer/output-1478651998.55/files_tokens/files-tokens-2.tokens
[INFO] (2016-11-08 16:39:58,721) Importing from bin/tokenizer/output-1478651998.55/files_tokens/files-tokens-5.tokens
[INFO] (2016-11-08 16:39:58,722) Importing from bin/tokenizer/output-1478651998.55/files_tokens/files-tokens-6.tokens
[INFO] (2016-11-08 16:39:58,723) Importing from bin/tokenizer/output-1478651998.55/files_tokens/files-tokens-0.tokens
[INFO] (2016-11-08 16:39:58,724) Importing from bin/tokenizer/output-1478651998.55/files_tokens/files-tokens-4.tokens
[INFO] (2016-11-08 16:39:58,726) Importing from bin/tokenizer/output-1478651998.55/files_tokens/files-tokens-3.tokens
[INFO] (2016-11-08 16:39:58,727) All information successfully imported to database
