[INFO] (2016-11-09 13:01:02,665) Config file successfully read
[INFO] (2016-11-09 13:01:02,688) Connection to database 'TEMPLeidos' successful
[INFO] (2016-11-09 13:01:02,688) Database 'TEMPLeidos' successfully initialized
[INFO] (2016-11-09 13:01:02,688) Starting tokenizer
[INFO] (2016-11-09 13:01:02,688) Project ids start at 1500000016 and file ids start at 66
[INFO] (2016-11-09 13:01:02,689) Editing tokenizer config file in 'bin/tokenizer/config.ini'
[INFO] (2016-11-09 13:01:02,691) Starting tokenizer, output in 'bin/tokenizer/output-1478725262.69'
[INFO] (2016-11-09 13:01:02,816) Tokenizer finished
[INFO] (2016-11-09 13:01:02,817) Starting importing to database 'TEMPLeidos' from folder 'bin/tokenizer/output-1478725262.69'
[INFO] (2016-11-09 13:01:02,817) Importing from bin/tokenizer/output-1478725262.69/bookkeeping_projs/bookkeeping-proj-1.projs
[INFO] (2016-11-09 13:01:02,817) Importing from bin/tokenizer/output-1478725262.69/bookkeeping_projs/bookkeeping-proj-2.projs
[INFO] (2016-11-09 13:01:02,818) Importing from bin/tokenizer/output-1478725262.69/bookkeeping_projs/bookkeeping-proj-0.projs
[INFO] (2016-11-09 13:01:02,818) Importing from bin/tokenizer/output-1478725262.69/bookkeeping_projs/bookkeeping-proj-3.projs
[INFO] (2016-11-09 13:01:02,818) Importing from bin/tokenizer/output-1478725262.69/bookkeeping_projs/bookkeeping-proj-4.projs
[INFO] (2016-11-09 13:01:02,819) Importing from bin/tokenizer/output-1478725262.69/bookkeeping_projs/bookkeeping-proj-5.projs
[INFO] (2016-11-09 13:01:02,819) Importing from bin/tokenizer/output-1478725262.69/bookkeeping_projs/bookkeeping-proj-6.projs
[INFO] (2016-11-09 13:01:02,819) Importing from bin/tokenizer/output-1478725262.69/files_stats/files-stats-5.stats
[INFO] (2016-11-09 13:01:02,821) Importing from bin/tokenizer/output-1478725262.69/files_stats/files-stats-4.stats
[INFO] (2016-11-09 13:01:02,822) Importing from bin/tokenizer/output-1478725262.69/files_stats/files-stats-3.stats
[INFO] (2016-11-09 13:01:02,823) Importing from bin/tokenizer/output-1478725262.69/files_stats/files-stats-2.stats
[INFO] (2016-11-09 13:01:02,825) Importing from bin/tokenizer/output-1478725262.69/files_stats/files-stats-0.stats
[INFO] (2016-11-09 13:01:02,825) Importing from bin/tokenizer/output-1478725262.69/files_stats/files-stats-6.stats
[INFO] (2016-11-09 13:01:02,826) Importing from bin/tokenizer/output-1478725262.69/files_stats/files-stats-1.stats
[INFO] (2016-11-09 13:01:02,835) Importing from bin/tokenizer/output-1478725262.69/files_tokens/files-tokens-1.tokens
[INFO] (2016-11-09 13:01:02,843) Importing from bin/tokenizer/output-1478725262.69/files_tokens/files-tokens-2.tokens
[INFO] (2016-11-09 13:01:02,845) Importing from bin/tokenizer/output-1478725262.69/files_tokens/files-tokens-5.tokens
[INFO] (2016-11-09 13:01:02,845) Importing from bin/tokenizer/output-1478725262.69/files_tokens/files-tokens-6.tokens
[INFO] (2016-11-09 13:01:02,846) Importing from bin/tokenizer/output-1478725262.69/files_tokens/files-tokens-0.tokens
[INFO] (2016-11-09 13:01:02,846) Importing from bin/tokenizer/output-1478725262.69/files_tokens/files-tokens-4.tokens
[INFO] (2016-11-09 13:01:02,848) Importing from bin/tokenizer/output-1478725262.69/files_tokens/files-tokens-3.tokens
[INFO] (2016-11-09 13:01:02,849) All information successfully imported to database
