[INFO] (2016-11-08 16:39:59,086) Config file successfully read
[INFO] (2016-11-08 16:39:59,111) Connection to database 'TEMPLeidos' successful
[INFO] (2016-11-08 16:39:59,111) Database 'TEMPLeidos' successfully initialized
[INFO] (2016-11-08 16:39:59,111) Starting tokenizer
[INFO] (2016-11-08 16:39:59,112) Project ids start at 3600000037 and file ids start at 157
[INFO] (2016-11-08 16:39:59,112) Editing tokenizer config file in 'bin/tokenizer/config.ini'
[INFO] (2016-11-08 16:39:59,112) Starting tokenizer, output in 'bin/tokenizer/output-1478651999.11'
[INFO] (2016-11-08 16:39:59,232) Tokenizer finished
[INFO] (2016-11-08 16:39:59,232) Starting importing to database 'TEMPLeidos' from folder 'bin/tokenizer/output-1478651999.11'
[INFO] (2016-11-08 16:39:59,232) Importing from bin/tokenizer/output-1478651999.11/bookkeeping_projs/bookkeeping-proj-1.projs
[INFO] (2016-11-08 16:39:59,233) Importing from bin/tokenizer/output-1478651999.11/bookkeeping_projs/bookkeeping-proj-2.projs
[INFO] (2016-11-08 16:39:59,233) Importing from bin/tokenizer/output-1478651999.11/bookkeeping_projs/bookkeeping-proj-0.projs
[INFO] (2016-11-08 16:39:59,233) Importing from bin/tokenizer/output-1478651999.11/bookkeeping_projs/bookkeeping-proj-3.projs
[INFO] (2016-11-08 16:39:59,233) Importing from bin/tokenizer/output-1478651999.11/bookkeeping_projs/bookkeeping-proj-4.projs
[INFO] (2016-11-08 16:39:59,234) Importing from bin/tokenizer/output-1478651999.11/bookkeeping_projs/bookkeeping-proj-5.projs
[INFO] (2016-11-08 16:39:59,234) Importing from bin/tokenizer/output-1478651999.11/bookkeeping_projs/bookkeeping-proj-6.projs
[INFO] (2016-11-08 16:39:59,234) Importing from bin/tokenizer/output-1478651999.11/files_stats/files-stats-5.stats
[INFO] (2016-11-08 16:39:59,235) Importing from bin/tokenizer/output-1478651999.11/files_stats/files-stats-4.stats
[INFO] (2016-11-08 16:39:59,237) Importing from bin/tokenizer/output-1478651999.11/files_stats/files-stats-3.stats
[INFO] (2016-11-08 16:39:59,238) Importing from bin/tokenizer/output-1478651999.11/files_stats/files-stats-2.stats
[INFO] (2016-11-08 16:39:59,240) Importing from bin/tokenizer/output-1478651999.11/files_stats/files-stats-0.stats
[INFO] (2016-11-08 16:39:59,241) Importing from bin/tokenizer/output-1478651999.11/files_stats/files-stats-6.stats
[INFO] (2016-11-08 16:39:59,241) Importing from bin/tokenizer/output-1478651999.11/files_stats/files-stats-1.stats
[INFO] (2016-11-08 16:39:59,252) Importing from bin/tokenizer/output-1478651999.11/files_tokens/files-tokens-1.tokens
[INFO] (2016-11-08 16:39:59,260) Importing from bin/tokenizer/output-1478651999.11/files_tokens/files-tokens-2.tokens
[INFO] (2016-11-08 16:39:59,262) Importing from bin/tokenizer/output-1478651999.11/files_tokens/files-tokens-5.tokens
[INFO] (2016-11-08 16:39:59,263) Importing from bin/tokenizer/output-1478651999.11/files_tokens/files-tokens-6.tokens
[INFO] (2016-11-08 16:39:59,263) Importing from bin/tokenizer/output-1478651999.11/files_tokens/files-tokens-0.tokens
[INFO] (2016-11-08 16:39:59,264) Importing from bin/tokenizer/output-1478651999.11/files_tokens/files-tokens-4.tokens
[INFO] (2016-11-08 16:39:59,266) Importing from bin/tokenizer/output-1478651999.11/files_tokens/files-tokens-3.tokens
[INFO] (2016-11-08 16:39:59,266) All information successfully imported to database
