[INFO] (2016-11-08 16:42:03,157) Config file successfully read
[INFO] (2016-11-08 16:42:03,179) Connection to database 'TEMPLeidos' successful
[INFO] (2016-11-08 16:42:03,179) Database 'TEMPLeidos' successfully initialized
[INFO] (2016-11-08 16:42:03,179) Starting tokenizer
[INFO] (2016-11-08 16:42:03,180) Project ids start at 300000004 and file ids start at 14
[INFO] (2016-11-08 16:42:03,180) Editing tokenizer config file in 'bin/tokenizer/config.ini'
[INFO] (2016-11-08 16:42:03,180) Starting tokenizer, output in 'bin/tokenizer/output-1478652123.18'
[INFO] (2016-11-08 16:42:03,307) Tokenizer finished
[INFO] (2016-11-08 16:42:03,307) Starting importing to database 'TEMPLeidos' from folder 'bin/tokenizer/output-1478652123.18'
[INFO] (2016-11-08 16:42:03,308) Importing from bin/tokenizer/output-1478652123.18/bookkeeping_projs/bookkeeping-proj-1.projs
[INFO] (2016-11-08 16:42:03,308) Importing from bin/tokenizer/output-1478652123.18/bookkeeping_projs/bookkeeping-proj-2.projs
[INFO] (2016-11-08 16:42:03,308) Importing from bin/tokenizer/output-1478652123.18/bookkeeping_projs/bookkeeping-proj-0.projs
[INFO] (2016-11-08 16:42:03,309) Importing from bin/tokenizer/output-1478652123.18/bookkeeping_projs/bookkeeping-proj-3.projs
[INFO] (2016-11-08 16:42:03,309) Importing from bin/tokenizer/output-1478652123.18/bookkeeping_projs/bookkeeping-proj-4.projs
[INFO] (2016-11-08 16:42:03,309) Importing from bin/tokenizer/output-1478652123.18/bookkeeping_projs/bookkeeping-proj-5.projs
[INFO] (2016-11-08 16:42:03,309) Importing from bin/tokenizer/output-1478652123.18/bookkeeping_projs/bookkeeping-proj-6.projs
[INFO] (2016-11-08 16:42:03,309) Importing from bin/tokenizer/output-1478652123.18/files_stats/files-stats-5.stats
[INFO] (2016-11-08 16:42:03,310) Importing from bin/tokenizer/output-1478652123.18/files_stats/files-stats-4.stats
[INFO] (2016-11-08 16:42:03,312) Importing from bin/tokenizer/output-1478652123.18/files_stats/files-stats-3.stats
[INFO] (2016-11-08 16:42:03,313) Importing from bin/tokenizer/output-1478652123.18/files_stats/files-stats-2.stats
[INFO] (2016-11-08 16:42:03,315) Importing from bin/tokenizer/output-1478652123.18/files_stats/files-stats-0.stats
[INFO] (2016-11-08 16:42:03,316) Importing from bin/tokenizer/output-1478652123.18/files_stats/files-stats-6.stats
[INFO] (2016-11-08 16:42:03,316) Importing from bin/tokenizer/output-1478652123.18/files_stats/files-stats-1.stats
[INFO] (2016-11-08 16:42:03,325) Importing from bin/tokenizer/output-1478652123.18/files_tokens/files-tokens-1.tokens
[INFO] (2016-11-08 16:42:03,332) Importing from bin/tokenizer/output-1478652123.18/files_tokens/files-tokens-2.tokens
[INFO] (2016-11-08 16:42:03,334) Importing from bin/tokenizer/output-1478652123.18/files_tokens/files-tokens-5.tokens
[INFO] (2016-11-08 16:42:03,335) Importing from bin/tokenizer/output-1478652123.18/files_tokens/files-tokens-6.tokens
[INFO] (2016-11-08 16:42:03,335) Importing from bin/tokenizer/output-1478652123.18/files_tokens/files-tokens-0.tokens
[INFO] (2016-11-08 16:42:03,336) Importing from bin/tokenizer/output-1478652123.18/files_tokens/files-tokens-4.tokens
[INFO] (2016-11-08 16:42:03,337) Importing from bin/tokenizer/output-1478652123.18/files_tokens/files-tokens-3.tokens
[INFO] (2016-11-08 16:42:03,338) All information successfully imported to database
