[INFO] (2016-11-08 16:42:06,262) Config file successfully read
[INFO] (2016-11-08 16:42:06,288) Connection to database 'TEMPLeidos' successful
[INFO] (2016-11-08 16:42:06,288) Database 'TEMPLeidos' successfully initialized
[INFO] (2016-11-08 16:42:06,288) Starting tokenizer
[INFO] (2016-11-08 16:42:06,289) Project ids start at 2400000025 and file ids start at 105
[INFO] (2016-11-08 16:42:06,289) Editing tokenizer config file in 'bin/tokenizer/config.ini'
[INFO] (2016-11-08 16:42:06,289) Starting tokenizer, output in 'bin/tokenizer/output-1478652126.29'
[INFO] (2016-11-08 16:42:06,433) Tokenizer finished
[INFO] (2016-11-08 16:42:06,433) Starting importing to database 'TEMPLeidos' from folder 'bin/tokenizer/output-1478652126.29'
[INFO] (2016-11-08 16:42:06,434) Importing from bin/tokenizer/output-1478652126.29/bookkeeping_projs/bookkeeping-proj-1.projs
[INFO] (2016-11-08 16:42:06,434) Importing from bin/tokenizer/output-1478652126.29/bookkeeping_projs/bookkeeping-proj-2.projs
[INFO] (2016-11-08 16:42:06,434) Importing from bin/tokenizer/output-1478652126.29/bookkeeping_projs/bookkeeping-proj-0.projs
[INFO] (2016-11-08 16:42:06,435) Importing from bin/tokenizer/output-1478652126.29/bookkeeping_projs/bookkeeping-proj-3.projs
[INFO] (2016-11-08 16:42:06,435) Importing from bin/tokenizer/output-1478652126.29/bookkeeping_projs/bookkeeping-proj-4.projs
[INFO] (2016-11-08 16:42:06,435) Importing from bin/tokenizer/output-1478652126.29/bookkeeping_projs/bookkeeping-proj-5.projs
[INFO] (2016-11-08 16:42:06,435) Importing from bin/tokenizer/output-1478652126.29/bookkeeping_projs/bookkeeping-proj-6.projs
[INFO] (2016-11-08 16:42:06,435) Importing from bin/tokenizer/output-1478652126.29/files_stats/files-stats-5.stats
[INFO] (2016-11-08 16:42:06,436) Importing from bin/tokenizer/output-1478652126.29/files_stats/files-stats-4.stats
[INFO] (2016-11-08 16:42:06,438) Importing from bin/tokenizer/output-1478652126.29/files_stats/files-stats-3.stats
[INFO] (2016-11-08 16:42:06,439) Importing from bin/tokenizer/output-1478652126.29/files_stats/files-stats-2.stats
[INFO] (2016-11-08 16:42:06,441) Importing from bin/tokenizer/output-1478652126.29/files_stats/files-stats-0.stats
[INFO] (2016-11-08 16:42:06,441) Importing from bin/tokenizer/output-1478652126.29/files_stats/files-stats-6.stats
[INFO] (2016-11-08 16:42:06,442) Importing from bin/tokenizer/output-1478652126.29/files_stats/files-stats-1.stats
[INFO] (2016-11-08 16:42:06,452) Importing from bin/tokenizer/output-1478652126.29/files_tokens/files-tokens-1.tokens
[INFO] (2016-11-08 16:42:06,461) Importing from bin/tokenizer/output-1478652126.29/files_tokens/files-tokens-2.tokens
[INFO] (2016-11-08 16:42:06,462) Importing from bin/tokenizer/output-1478652126.29/files_tokens/files-tokens-5.tokens
[INFO] (2016-11-08 16:42:06,463) Importing from bin/tokenizer/output-1478652126.29/files_tokens/files-tokens-6.tokens
[INFO] (2016-11-08 16:42:06,463) Importing from bin/tokenizer/output-1478652126.29/files_tokens/files-tokens-0.tokens
[INFO] (2016-11-08 16:42:06,464) Importing from bin/tokenizer/output-1478652126.29/files_tokens/files-tokens-4.tokens
[INFO] (2016-11-08 16:42:06,465) Importing from bin/tokenizer/output-1478652126.29/files_tokens/files-tokens-3.tokens
[INFO] (2016-11-08 16:42:06,466) All information successfully imported to database
