[INFO] (2016-11-08 16:42:07,397) Config file successfully read
[INFO] (2016-11-08 16:42:07,420) Connection to database 'TEMPLeidos' successful
[INFO] (2016-11-08 16:42:07,421) Database 'TEMPLeidos' successfully initialized
[INFO] (2016-11-08 16:42:07,421) Starting tokenizer
[INFO] (2016-11-08 16:42:07,421) Project ids start at 3600000037 and file ids start at 157
[INFO] (2016-11-08 16:42:07,421) Editing tokenizer config file in 'bin/tokenizer/config.ini'
[INFO] (2016-11-08 16:42:07,421) Starting tokenizer, output in 'bin/tokenizer/output-1478652127.42'
[INFO] (2016-11-08 16:42:07,544) Tokenizer finished
[INFO] (2016-11-08 16:42:07,544) Starting importing to database 'TEMPLeidos' from folder 'bin/tokenizer/output-1478652127.42'
[INFO] (2016-11-08 16:42:07,545) Importing from bin/tokenizer/output-1478652127.42/bookkeeping_projs/bookkeeping-proj-1.projs
[INFO] (2016-11-08 16:42:07,545) Importing from bin/tokenizer/output-1478652127.42/bookkeeping_projs/bookkeeping-proj-2.projs
[INFO] (2016-11-08 16:42:07,545) Importing from bin/tokenizer/output-1478652127.42/bookkeeping_projs/bookkeeping-proj-0.projs
[INFO] (2016-11-08 16:42:07,546) Importing from bin/tokenizer/output-1478652127.42/bookkeeping_projs/bookkeeping-proj-3.projs
[INFO] (2016-11-08 16:42:07,546) Importing from bin/tokenizer/output-1478652127.42/bookkeeping_projs/bookkeeping-proj-4.projs
[INFO] (2016-11-08 16:42:07,546) Importing from bin/tokenizer/output-1478652127.42/bookkeeping_projs/bookkeeping-proj-5.projs
[INFO] (2016-11-08 16:42:07,546) Importing from bin/tokenizer/output-1478652127.42/bookkeeping_projs/bookkeeping-proj-6.projs
[INFO] (2016-11-08 16:42:07,546) Importing from bin/tokenizer/output-1478652127.42/files_stats/files-stats-5.stats
[INFO] (2016-11-08 16:42:07,547) Importing from bin/tokenizer/output-1478652127.42/files_stats/files-stats-4.stats
[INFO] (2016-11-08 16:42:07,549) Importing from bin/tokenizer/output-1478652127.42/files_stats/files-stats-3.stats
[INFO] (2016-11-08 16:42:07,550) Importing from bin/tokenizer/output-1478652127.42/files_stats/files-stats-2.stats
[INFO] (2016-11-08 16:42:07,552) Importing from bin/tokenizer/output-1478652127.42/files_stats/files-stats-0.stats
[INFO] (2016-11-08 16:42:07,552) Importing from bin/tokenizer/output-1478652127.42/files_stats/files-stats-6.stats
[INFO] (2016-11-08 16:42:07,553) Importing from bin/tokenizer/output-1478652127.42/files_stats/files-stats-1.stats
[INFO] (2016-11-08 16:42:07,562) Importing from bin/tokenizer/output-1478652127.42/files_tokens/files-tokens-1.tokens
[INFO] (2016-11-08 16:42:07,570) Importing from bin/tokenizer/output-1478652127.42/files_tokens/files-tokens-2.tokens
[INFO] (2016-11-08 16:42:07,571) Importing from bin/tokenizer/output-1478652127.42/files_tokens/files-tokens-5.tokens
[INFO] (2016-11-08 16:42:07,572) Importing from bin/tokenizer/output-1478652127.42/files_tokens/files-tokens-6.tokens
[INFO] (2016-11-08 16:42:07,572) Importing from bin/tokenizer/output-1478652127.42/files_tokens/files-tokens-0.tokens
[INFO] (2016-11-08 16:42:07,573) Importing from bin/tokenizer/output-1478652127.42/files_tokens/files-tokens-4.tokens
[INFO] (2016-11-08 16:42:07,575) Importing from bin/tokenizer/output-1478652127.42/files_tokens/files-tokens-3.tokens
[INFO] (2016-11-08 16:42:07,576) All information successfully imported to database
