[INFO] (2016-11-09 12:49:42,859) Config file successfully read
[INFO] (2016-11-09 12:49:42,883) Connection to database 'TEMPLeidos' successful
[INFO] (2016-11-09 12:49:42,883) Database 'TEMPLeidos' successfully initialized
[INFO] (2016-11-09 12:49:42,883) Starting tokenizer
[INFO] (2016-11-09 12:49:42,883) Project ids start at 300000004 and file ids start at 14
[INFO] (2016-11-09 12:49:42,883) Editing tokenizer config file in 'bin/tokenizer/config.ini'
[INFO] (2016-11-09 12:49:42,885) Starting tokenizer, output in 'bin/tokenizer/output-1478724582.89'
[INFO] (2016-11-09 12:49:43,003) Tokenizer finished
[INFO] (2016-11-09 12:49:43,003) Starting importing to database 'TEMPLeidos' from folder 'bin/tokenizer/output-1478724582.89'
[INFO] (2016-11-09 12:49:43,004) Importing from bin/tokenizer/output-1478724582.89/bookkeeping_projs/bookkeeping-proj-1.projs
[INFO] (2016-11-09 12:49:43,004) Importing from bin/tokenizer/output-1478724582.89/bookkeeping_projs/bookkeeping-proj-2.projs
[INFO] (2016-11-09 12:49:43,004) Importing from bin/tokenizer/output-1478724582.89/bookkeeping_projs/bookkeeping-proj-0.projs
[INFO] (2016-11-09 12:49:43,005) Importing from bin/tokenizer/output-1478724582.89/bookkeeping_projs/bookkeeping-proj-3.projs
[INFO] (2016-11-09 12:49:43,005) Importing from bin/tokenizer/output-1478724582.89/bookkeeping_projs/bookkeeping-proj-4.projs
[INFO] (2016-11-09 12:49:43,005) Importing from bin/tokenizer/output-1478724582.89/bookkeeping_projs/bookkeeping-proj-5.projs
[INFO] (2016-11-09 12:49:43,005) Importing from bin/tokenizer/output-1478724582.89/bookkeeping_projs/bookkeeping-proj-6.projs
[INFO] (2016-11-09 12:49:43,006) Importing from bin/tokenizer/output-1478724582.89/files_stats/files-stats-5.stats
[INFO] (2016-11-09 12:49:43,007) Importing from bin/tokenizer/output-1478724582.89/files_stats/files-stats-4.stats
[INFO] (2016-11-09 12:49:43,009) Importing from bin/tokenizer/output-1478724582.89/files_stats/files-stats-3.stats
[INFO] (2016-11-09 12:49:43,010) Importing from bin/tokenizer/output-1478724582.89/files_stats/files-stats-2.stats
[INFO] (2016-11-09 12:49:43,012) Importing from bin/tokenizer/output-1478724582.89/files_stats/files-stats-0.stats
[INFO] (2016-11-09 12:49:43,013) Importing from bin/tokenizer/output-1478724582.89/files_stats/files-stats-6.stats
[INFO] (2016-11-09 12:49:43,013) Importing from bin/tokenizer/output-1478724582.89/files_stats/files-stats-1.stats
[INFO] (2016-11-09 12:49:43,024) Importing from bin/tokenizer/output-1478724582.89/files_tokens/files-tokens-1.tokens
[INFO] (2016-11-09 12:49:43,034) Importing from bin/tokenizer/output-1478724582.89/files_tokens/files-tokens-2.tokens
[INFO] (2016-11-09 12:49:43,035) Importing from bin/tokenizer/output-1478724582.89/files_tokens/files-tokens-5.tokens
[INFO] (2016-11-09 12:49:43,037) Importing from bin/tokenizer/output-1478724582.89/files_tokens/files-tokens-6.tokens
[INFO] (2016-11-09 12:49:43,037) Importing from bin/tokenizer/output-1478724582.89/files_tokens/files-tokens-0.tokens
[INFO] (2016-11-09 12:49:43,037) Importing from bin/tokenizer/output-1478724582.89/files_tokens/files-tokens-4.tokens
[INFO] (2016-11-09 12:49:43,039) Importing from bin/tokenizer/output-1478724582.89/files_tokens/files-tokens-3.tokens
[INFO] (2016-11-09 12:49:43,041) All information successfully imported to database
