[INFO] (2016-11-08 16:39:58,814) Config file successfully read
[INFO] (2016-11-08 16:39:58,839) Connection to database 'TEMPLeidos' successful
[INFO] (2016-11-08 16:39:58,839) Database 'TEMPLeidos' successfully initialized
[INFO] (2016-11-08 16:39:58,839) Starting tokenizer
[INFO] (2016-11-08 16:39:58,839) Project ids start at 3300000034 and file ids start at 144
[INFO] (2016-11-08 16:39:58,839) Editing tokenizer config file in 'bin/tokenizer/config.ini'
[INFO] (2016-11-08 16:39:58,840) Starting tokenizer, output in 'bin/tokenizer/output-1478651998.84'
[INFO] (2016-11-08 16:39:58,981) Tokenizer finished
[INFO] (2016-11-08 16:39:58,982) Starting importing to database 'TEMPLeidos' from folder 'bin/tokenizer/output-1478651998.84'
[INFO] (2016-11-08 16:39:58,982) Importing from bin/tokenizer/output-1478651998.84/bookkeeping_projs/bookkeeping-proj-1.projs
[INFO] (2016-11-08 16:39:58,983) Importing from bin/tokenizer/output-1478651998.84/bookkeeping_projs/bookkeeping-proj-2.projs
[INFO] (2016-11-08 16:39:58,983) Importing from bin/tokenizer/output-1478651998.84/bookkeeping_projs/bookkeeping-proj-0.projs
[INFO] (2016-11-08 16:39:58,983) Importing from bin/tokenizer/output-1478651998.84/bookkeeping_projs/bookkeeping-proj-3.projs
[INFO] (2016-11-08 16:39:58,983) Importing from bin/tokenizer/output-1478651998.84/bookkeeping_projs/bookkeeping-proj-4.projs
[INFO] (2016-11-08 16:39:58,984) Importing from bin/tokenizer/output-1478651998.84/bookkeeping_projs/bookkeeping-proj-5.projs
[INFO] (2016-11-08 16:39:58,984) Importing from bin/tokenizer/output-1478651998.84/bookkeeping_projs/bookkeeping-proj-6.projs
[INFO] (2016-11-08 16:39:58,984) Importing from bin/tokenizer/output-1478651998.84/files_stats/files-stats-5.stats
[INFO] (2016-11-08 16:39:58,985) Importing from bin/tokenizer/output-1478651998.84/files_stats/files-stats-4.stats
[INFO] (2016-11-08 16:39:58,987) Importing from bin/tokenizer/output-1478651998.84/files_stats/files-stats-3.stats
[INFO] (2016-11-08 16:39:58,988) Importing from bin/tokenizer/output-1478651998.84/files_stats/files-stats-2.stats
[INFO] (2016-11-08 16:39:58,989) Importing from bin/tokenizer/output-1478651998.84/files_stats/files-stats-0.stats
[INFO] (2016-11-08 16:39:58,990) Importing from bin/tokenizer/output-1478651998.84/files_stats/files-stats-6.stats
[INFO] (2016-11-08 16:39:58,990) Importing from bin/tokenizer/output-1478651998.84/files_stats/files-stats-1.stats
[INFO] (2016-11-08 16:39:59,001) Importing from bin/tokenizer/output-1478651998.84/files_tokens/files-tokens-1.tokens
[INFO] (2016-11-08 16:39:59,012) Importing from bin/tokenizer/output-1478651998.84/files_tokens/files-tokens-2.tokens
[INFO] (2016-11-08 16:39:59,014) Importing from bin/tokenizer/output-1478651998.84/files_tokens/files-tokens-5.tokens
[INFO] (2016-11-08 16:39:59,016) Importing from bin/tokenizer/output-1478651998.84/files_tokens/files-tokens-6.tokens
[INFO] (2016-11-08 16:39:59,016) Importing from bin/tokenizer/output-1478651998.84/files_tokens/files-tokens-0.tokens
[INFO] (2016-11-08 16:39:59,017) Importing from bin/tokenizer/output-1478651998.84/files_tokens/files-tokens-4.tokens
[INFO] (2016-11-08 16:39:59,019) Importing from bin/tokenizer/output-1478651998.84/files_tokens/files-tokens-3.tokens
[INFO] (2016-11-08 16:39:59,019) All information successfully imported to database
