[INFO] (2016-11-08 16:42:07,118) Config file successfully read
[INFO] (2016-11-08 16:42:07,140) Connection to database 'TEMPLeidos' successful
[INFO] (2016-11-08 16:42:07,140) Database 'TEMPLeidos' successfully initialized
[INFO] (2016-11-08 16:42:07,140) Starting tokenizer
[INFO] (2016-11-08 16:42:07,141) Project ids start at 3300000034 and file ids start at 144
[INFO] (2016-11-08 16:42:07,141) Editing tokenizer config file in 'bin/tokenizer/config.ini'
[INFO] (2016-11-08 16:42:07,141) Starting tokenizer, output in 'bin/tokenizer/output-1478652127.14'
[INFO] (2016-11-08 16:42:07,258) Tokenizer finished
[INFO] (2016-11-08 16:42:07,258) Starting importing to database 'TEMPLeidos' from folder 'bin/tokenizer/output-1478652127.14'
[INFO] (2016-11-08 16:42:07,258) Importing from bin/tokenizer/output-1478652127.14/bookkeeping_projs/bookkeeping-proj-1.projs
[INFO] (2016-11-08 16:42:07,259) Importing from bin/tokenizer/output-1478652127.14/bookkeeping_projs/bookkeeping-proj-2.projs
[INFO] (2016-11-08 16:42:07,259) Importing from bin/tokenizer/output-1478652127.14/bookkeeping_projs/bookkeeping-proj-0.projs
[INFO] (2016-11-08 16:42:07,259) Importing from bin/tokenizer/output-1478652127.14/bookkeeping_projs/bookkeeping-proj-3.projs
[INFO] (2016-11-08 16:42:07,259) Importing from bin/tokenizer/output-1478652127.14/bookkeeping_projs/bookkeeping-proj-4.projs
[INFO] (2016-11-08 16:42:07,259) Importing from bin/tokenizer/output-1478652127.14/bookkeeping_projs/bookkeeping-proj-5.projs
[INFO] (2016-11-08 16:42:07,259) Importing from bin/tokenizer/output-1478652127.14/bookkeeping_projs/bookkeeping-proj-6.projs
[INFO] (2016-11-08 16:42:07,260) Importing from bin/tokenizer/output-1478652127.14/files_stats/files-stats-5.stats
[INFO] (2016-11-08 16:42:07,261) Importing from bin/tokenizer/output-1478652127.14/files_stats/files-stats-4.stats
[INFO] (2016-11-08 16:42:07,262) Importing from bin/tokenizer/output-1478652127.14/files_stats/files-stats-3.stats
[INFO] (2016-11-08 16:42:07,263) Importing from bin/tokenizer/output-1478652127.14/files_stats/files-stats-2.stats
[INFO] (2016-11-08 16:42:07,265) Importing from bin/tokenizer/output-1478652127.14/files_stats/files-stats-0.stats
[INFO] (2016-11-08 16:42:07,266) Importing from bin/tokenizer/output-1478652127.14/files_stats/files-stats-6.stats
[INFO] (2016-11-08 16:42:07,266) Importing from bin/tokenizer/output-1478652127.14/files_stats/files-stats-1.stats
[INFO] (2016-11-08 16:42:07,275) Importing from bin/tokenizer/output-1478652127.14/files_tokens/files-tokens-1.tokens
[INFO] (2016-11-08 16:42:07,283) Importing from bin/tokenizer/output-1478652127.14/files_tokens/files-tokens-2.tokens
[INFO] (2016-11-08 16:42:07,285) Importing from bin/tokenizer/output-1478652127.14/files_tokens/files-tokens-5.tokens
[INFO] (2016-11-08 16:42:07,286) Importing from bin/tokenizer/output-1478652127.14/files_tokens/files-tokens-6.tokens
[INFO] (2016-11-08 16:42:07,286) Importing from bin/tokenizer/output-1478652127.14/files_tokens/files-tokens-0.tokens
[INFO] (2016-11-08 16:42:07,286) Importing from bin/tokenizer/output-1478652127.14/files_tokens/files-tokens-4.tokens
[INFO] (2016-11-08 16:42:07,288) Importing from bin/tokenizer/output-1478652127.14/files_tokens/files-tokens-3.tokens
[INFO] (2016-11-08 16:42:07,289) All information successfully imported to database
