[INFO] (2016-11-09 13:01:03,794) Config file successfully read
[INFO] (2016-11-09 13:01:03,817) Connection to database 'TEMPLeidos' successful
[INFO] (2016-11-09 13:01:03,817) Database 'TEMPLeidos' successfully initialized
[INFO] (2016-11-09 13:01:03,817) Starting tokenizer
[INFO] (2016-11-09 13:01:03,817) Project ids start at 1800000019 and file ids start at 79
[INFO] (2016-11-09 13:01:03,817) Editing tokenizer config file in 'bin/tokenizer/config.ini'
[INFO] (2016-11-09 13:01:03,818) Starting tokenizer, output in 'bin/tokenizer/output-1478725263.82'
[INFO] (2016-11-09 13:01:03,929) Tokenizer finished
[INFO] (2016-11-09 13:01:03,929) Starting importing to database 'TEMPLeidos' from folder 'bin/tokenizer/output-1478725263.82'
[INFO] (2016-11-09 13:01:03,930) Importing from bin/tokenizer/output-1478725263.82/bookkeeping_projs/bookkeeping-proj-1.projs
[INFO] (2016-11-09 13:01:03,930) Importing from bin/tokenizer/output-1478725263.82/bookkeeping_projs/bookkeeping-proj-2.projs
[INFO] (2016-11-09 13:01:03,930) Importing from bin/tokenizer/output-1478725263.82/bookkeeping_projs/bookkeeping-proj-0.projs
[INFO] (2016-11-09 13:01:03,931) Importing from bin/tokenizer/output-1478725263.82/bookkeeping_projs/bookkeeping-proj-3.projs
[INFO] (2016-11-09 13:01:03,931) Importing from bin/tokenizer/output-1478725263.82/bookkeeping_projs/bookkeeping-proj-4.projs
[INFO] (2016-11-09 13:01:03,931) Importing from bin/tokenizer/output-1478725263.82/bookkeeping_projs/bookkeeping-proj-5.projs
[INFO] (2016-11-09 13:01:03,931) Importing from bin/tokenizer/output-1478725263.82/bookkeeping_projs/bookkeeping-proj-6.projs
[INFO] (2016-11-09 13:01:03,931) Importing from bin/tokenizer/output-1478725263.82/files_stats/files-stats-5.stats
[INFO] (2016-11-09 13:01:03,933) Importing from bin/tokenizer/output-1478725263.82/files_stats/files-stats-4.stats
[INFO] (2016-11-09 13:01:03,934) Importing from bin/tokenizer/output-1478725263.82/files_stats/files-stats-3.stats
[INFO] (2016-11-09 13:01:03,935) Importing from bin/tokenizer/output-1478725263.82/files_stats/files-stats-2.stats
[INFO] (2016-11-09 13:01:03,937) Importing from bin/tokenizer/output-1478725263.82/files_stats/files-stats-0.stats
[INFO] (2016-11-09 13:01:03,938) Importing from bin/tokenizer/output-1478725263.82/files_stats/files-stats-6.stats
[INFO] (2016-11-09 13:01:03,938) Importing from bin/tokenizer/output-1478725263.82/files_stats/files-stats-1.stats
[INFO] (2016-11-09 13:01:03,947) Importing from bin/tokenizer/output-1478725263.82/files_tokens/files-tokens-1.tokens
[INFO] (2016-11-09 13:01:03,955) Importing from bin/tokenizer/output-1478725263.82/files_tokens/files-tokens-2.tokens
[INFO] (2016-11-09 13:01:03,956) Importing from bin/tokenizer/output-1478725263.82/files_tokens/files-tokens-5.tokens
[INFO] (2016-11-09 13:01:03,957) Importing from bin/tokenizer/output-1478725263.82/files_tokens/files-tokens-6.tokens
[INFO] (2016-11-09 13:01:03,957) Importing from bin/tokenizer/output-1478725263.82/files_tokens/files-tokens-0.tokens
[INFO] (2016-11-09 13:01:03,958) Importing from bin/tokenizer/output-1478725263.82/files_tokens/files-tokens-4.tokens
[INFO] (2016-11-09 13:01:03,959) Importing from bin/tokenizer/output-1478725263.82/files_tokens/files-tokens-3.tokens
[INFO] (2016-11-09 13:01:03,960) All information successfully imported to database
