[INFO] (2016-11-08 16:39:54,718) Config file successfully read
[INFO] (2016-11-08 16:39:54,744) Connection to database 'TEMPLeidos' successful
[INFO] (2016-11-08 16:39:54,745) Database 'TEMPLeidos' successfully initialized
[INFO] (2016-11-08 16:39:54,745) Starting tokenizer
[INFO] (2016-11-08 16:39:54,745) Project ids start at 900000010 and file ids start at 40
[INFO] (2016-11-08 16:39:54,745) Editing tokenizer config file in 'bin/tokenizer/config.ini'
[INFO] (2016-11-08 16:39:54,746) Starting tokenizer, output in 'bin/tokenizer/output-1478651994.75'
[INFO] (2016-11-08 16:39:54,872) Tokenizer finished
[INFO] (2016-11-08 16:39:54,873) Starting importing to database 'TEMPLeidos' from folder 'bin/tokenizer/output-1478651994.75'
[INFO] (2016-11-08 16:39:54,873) Importing from bin/tokenizer/output-1478651994.75/bookkeeping_projs/bookkeeping-proj-1.projs
[INFO] (2016-11-08 16:39:54,874) Importing from bin/tokenizer/output-1478651994.75/bookkeeping_projs/bookkeeping-proj-2.projs
[INFO] (2016-11-08 16:39:54,874) Importing from bin/tokenizer/output-1478651994.75/bookkeeping_projs/bookkeeping-proj-0.projs
[INFO] (2016-11-08 16:39:54,874) Importing from bin/tokenizer/output-1478651994.75/bookkeeping_projs/bookkeeping-proj-3.projs
[INFO] (2016-11-08 16:39:54,874) Importing from bin/tokenizer/output-1478651994.75/bookkeeping_projs/bookkeeping-proj-4.projs
[INFO] (2016-11-08 16:39:54,875) Importing from bin/tokenizer/output-1478651994.75/bookkeeping_projs/bookkeeping-proj-5.projs
[INFO] (2016-11-08 16:39:54,875) Importing from bin/tokenizer/output-1478651994.75/bookkeeping_projs/bookkeeping-proj-6.projs
[INFO] (2016-11-08 16:39:54,875) Importing from bin/tokenizer/output-1478651994.75/files_stats/files-stats-5.stats
[INFO] (2016-11-08 16:39:54,877) Importing from bin/tokenizer/output-1478651994.75/files_stats/files-stats-4.stats
[INFO] (2016-11-08 16:39:54,880) Importing from bin/tokenizer/output-1478651994.75/files_stats/files-stats-3.stats
[INFO] (2016-11-08 16:39:54,882) Importing from bin/tokenizer/output-1478651994.75/files_stats/files-stats-2.stats
[INFO] (2016-11-08 16:39:54,884) Importing from bin/tokenizer/output-1478651994.75/files_stats/files-stats-0.stats
[INFO] (2016-11-08 16:39:54,885) Importing from bin/tokenizer/output-1478651994.75/files_stats/files-stats-6.stats
[INFO] (2016-11-08 16:39:54,885) Importing from bin/tokenizer/output-1478651994.75/files_stats/files-stats-1.stats
[INFO] (2016-11-08 16:39:54,896) Importing from bin/tokenizer/output-1478651994.75/files_tokens/files-tokens-1.tokens
[INFO] (2016-11-08 16:39:54,907) Importing from bin/tokenizer/output-1478651994.75/files_tokens/files-tokens-2.tokens
[INFO] (2016-11-08 16:39:54,909) Importing from bin/tokenizer/output-1478651994.75/files_tokens/files-tokens-5.tokens
[INFO] (2016-11-08 16:39:54,910) Importing from bin/tokenizer/output-1478651994.75/files_tokens/files-tokens-6.tokens
[INFO] (2016-11-08 16:39:54,911) Importing from bin/tokenizer/output-1478651994.75/files_tokens/files-tokens-0.tokens
[INFO] (2016-11-08 16:39:54,911) Importing from bin/tokenizer/output-1478651994.75/files_tokens/files-tokens-4.tokens
[INFO] (2016-11-08 16:39:54,914) Importing from bin/tokenizer/output-1478651994.75/files_tokens/files-tokens-3.tokens
[INFO] (2016-11-08 16:39:54,915) All information successfully imported to database
