[INFO] (2016-11-09 13:00:33,212) Config file successfully read
[INFO] (2016-11-09 13:00:33,234) Connection to database 'TEMPLeidos' successful
[INFO] (2016-11-09 13:00:33,234) Database 'TEMPLeidos' successfully initialized
[INFO] (2016-11-09 13:00:33,234) Starting tokenizer
[INFO] (2016-11-09 13:00:33,234) Project ids start at 1200000013 and file ids start at 53
[INFO] (2016-11-09 13:00:33,234) Editing tokenizer config file in 'bin/tokenizer/config.ini'
[INFO] (2016-11-09 13:00:33,235) Starting tokenizer, output in 'bin/tokenizer/output-1478725233.24'
[INFO] (2016-11-09 13:00:33,357) Tokenizer finished
[INFO] (2016-11-09 13:00:33,357) Starting importing to database 'TEMPLeidos' from folder 'bin/tokenizer/output-1478725233.24'
[INFO] (2016-11-09 13:00:33,358) Importing from bin/tokenizer/output-1478725233.24/bookkeeping_projs/bookkeeping-proj-1.projs
[INFO] (2016-11-09 13:00:33,358) Importing from bin/tokenizer/output-1478725233.24/bookkeeping_projs/bookkeeping-proj-2.projs
[INFO] (2016-11-09 13:00:33,359) Importing from bin/tokenizer/output-1478725233.24/bookkeeping_projs/bookkeeping-proj-0.projs
[INFO] (2016-11-09 13:00:33,359) Importing from bin/tokenizer/output-1478725233.24/bookkeeping_projs/bookkeeping-proj-3.projs
[INFO] (2016-11-09 13:00:33,359) Importing from bin/tokenizer/output-1478725233.24/bookkeeping_projs/bookkeeping-proj-4.projs
[INFO] (2016-11-09 13:00:33,359) Importing from bin/tokenizer/output-1478725233.24/bookkeeping_projs/bookkeeping-proj-5.projs
[INFO] (2016-11-09 13:00:33,359) Importing from bin/tokenizer/output-1478725233.24/bookkeeping_projs/bookkeeping-proj-6.projs
[INFO] (2016-11-09 13:00:33,360) Importing from bin/tokenizer/output-1478725233.24/files_stats/files-stats-5.stats
[INFO] (2016-11-09 13:00:33,361) Importing from bin/tokenizer/output-1478725233.24/files_stats/files-stats-4.stats
[INFO] (2016-11-09 13:00:33,362) Importing from bin/tokenizer/output-1478725233.24/files_stats/files-stats-3.stats
[INFO] (2016-11-09 13:00:33,363) Importing from bin/tokenizer/output-1478725233.24/files_stats/files-stats-2.stats
[INFO] (2016-11-09 13:00:33,366) Importing from bin/tokenizer/output-1478725233.24/files_stats/files-stats-0.stats
[INFO] (2016-11-09 13:00:33,367) Importing from bin/tokenizer/output-1478725233.24/files_stats/files-stats-6.stats
[INFO] (2016-11-09 13:00:33,367) Importing from bin/tokenizer/output-1478725233.24/files_stats/files-stats-1.stats
[INFO] (2016-11-09 13:00:33,378) Importing from bin/tokenizer/output-1478725233.24/files_tokens/files-tokens-1.tokens
[INFO] (2016-11-09 13:00:33,388) Importing from bin/tokenizer/output-1478725233.24/files_tokens/files-tokens-2.tokens
[INFO] (2016-11-09 13:00:33,390) Importing from bin/tokenizer/output-1478725233.24/files_tokens/files-tokens-5.tokens
[INFO] (2016-11-09 13:00:33,391) Importing from bin/tokenizer/output-1478725233.24/files_tokens/files-tokens-6.tokens
[INFO] (2016-11-09 13:00:33,391) Importing from bin/tokenizer/output-1478725233.24/files_tokens/files-tokens-0.tokens
[INFO] (2016-11-09 13:00:33,392) Importing from bin/tokenizer/output-1478725233.24/files_tokens/files-tokens-4.tokens
[INFO] (2016-11-09 13:00:33,393) Importing from bin/tokenizer/output-1478725233.24/files_tokens/files-tokens-3.tokens
[INFO] (2016-11-09 13:00:33,394) All information successfully imported to database
