[INFO] (2016-11-08 16:43:06,598) Config file successfully read
[INFO] (2016-11-08 16:43:06,621) Connection to database 'TEMPLeidos' successful
[INFO] (2016-11-08 16:43:06,621) Database 'TEMPLeidos' successfully initialized
[INFO] (2016-11-08 16:43:06,621) Starting tokenizer
[INFO] (2016-11-08 16:43:06,621) Project ids start at 3600000037 and file ids start at 157
[INFO] (2016-11-08 16:43:06,621) Editing tokenizer config file in 'bin/tokenizer/config.ini'
[INFO] (2016-11-08 16:43:06,621) Starting tokenizer, output in 'bin/tokenizer/output-1478652186.62'
[INFO] (2016-11-08 16:43:06,750) Tokenizer finished
[INFO] (2016-11-08 16:43:06,750) Starting importing to database 'TEMPLeidos' from folder 'bin/tokenizer/output-1478652186.62'
[INFO] (2016-11-08 16:43:06,751) Importing from bin/tokenizer/output-1478652186.62/bookkeeping_projs/bookkeeping-proj-1.projs
[INFO] (2016-11-08 16:43:06,751) Importing from bin/tokenizer/output-1478652186.62/bookkeeping_projs/bookkeeping-proj-2.projs
[INFO] (2016-11-08 16:43:06,752) Importing from bin/tokenizer/output-1478652186.62/bookkeeping_projs/bookkeeping-proj-0.projs
[INFO] (2016-11-08 16:43:06,752) Importing from bin/tokenizer/output-1478652186.62/bookkeeping_projs/bookkeeping-proj-3.projs
[INFO] (2016-11-08 16:43:06,752) Importing from bin/tokenizer/output-1478652186.62/bookkeeping_projs/bookkeeping-proj-4.projs
[INFO] (2016-11-08 16:43:06,752) Importing from bin/tokenizer/output-1478652186.62/bookkeeping_projs/bookkeeping-proj-5.projs
[INFO] (2016-11-08 16:43:06,752) Importing from bin/tokenizer/output-1478652186.62/bookkeeping_projs/bookkeeping-proj-6.projs
[INFO] (2016-11-08 16:43:06,753) Importing from bin/tokenizer/output-1478652186.62/files_stats/files-stats-5.stats
[INFO] (2016-11-08 16:43:06,754) Importing from bin/tokenizer/output-1478652186.62/files_stats/files-stats-4.stats
[INFO] (2016-11-08 16:43:06,756) Importing from bin/tokenizer/output-1478652186.62/files_stats/files-stats-3.stats
[INFO] (2016-11-08 16:43:06,756) Importing from bin/tokenizer/output-1478652186.62/files_stats/files-stats-2.stats
[INFO] (2016-11-08 16:43:06,758) Importing from bin/tokenizer/output-1478652186.62/files_stats/files-stats-0.stats
[INFO] (2016-11-08 16:43:06,759) Importing from bin/tokenizer/output-1478652186.62/files_stats/files-stats-6.stats
[INFO] (2016-11-08 16:43:06,759) Importing from bin/tokenizer/output-1478652186.62/files_stats/files-stats-1.stats
[INFO] (2016-11-08 16:43:06,768) Importing from bin/tokenizer/output-1478652186.62/files_tokens/files-tokens-1.tokens
[INFO] (2016-11-08 16:43:06,776) Importing from bin/tokenizer/output-1478652186.62/files_tokens/files-tokens-2.tokens
[INFO] (2016-11-08 16:43:06,778) Importing from bin/tokenizer/output-1478652186.62/files_tokens/files-tokens-5.tokens
[INFO] (2016-11-08 16:43:06,779) Importing from bin/tokenizer/output-1478652186.62/files_tokens/files-tokens-6.tokens
[INFO] (2016-11-08 16:43:06,779) Importing from bin/tokenizer/output-1478652186.62/files_tokens/files-tokens-0.tokens
[INFO] (2016-11-08 16:43:06,780) Importing from bin/tokenizer/output-1478652186.62/files_tokens/files-tokens-4.tokens
[INFO] (2016-11-08 16:43:06,782) Importing from bin/tokenizer/output-1478652186.62/files_tokens/files-tokens-3.tokens
[INFO] (2016-11-08 16:43:06,783) All information successfully imported to database
