[INFO] (2016-11-08 16:09:23,697) Config file successfully read
[INFO] (2016-11-08 16:09:23,719) Connection to database 'TEMPLeidos' successful
[INFO] (2016-11-08 16:09:23,719) Database 'TEMPLeidos' successfully initialized
[INFO] (2016-11-08 16:09:23,719) Starting tokenizer
[INFO] (2016-11-08 16:09:23,719) Project ids start at 2400000025 and file ids start at 110
[INFO] (2016-11-08 16:09:23,719) Editing tokenizer config file in 'bin/tokenizer/config.ini'
[INFO] (2016-11-08 16:09:23,719) Starting tokenizer, output in 'bin/tokenizer/output-1478650163.72'
[INFO] (2016-11-08 16:09:23,824) Tokenizer finished
[INFO] (2016-11-08 16:09:23,825) Starting importing to database 'TEMPLeidos' from folder 'bin/tokenizer/output-1478650163.72'
[INFO] (2016-11-08 16:09:23,825) Importing from bin/tokenizer/output-1478650163.72/bookkeeping_projs/bookkeeping-proj-1.projs
[INFO] (2016-11-08 16:09:23,825) Importing from bin/tokenizer/output-1478650163.72/bookkeeping_projs/bookkeeping-proj-2.projs
[INFO] (2016-11-08 16:09:23,826) Importing from bin/tokenizer/output-1478650163.72/bookkeeping_projs/bookkeeping-proj-0.projs
[INFO] (2016-11-08 16:09:23,826) Importing from bin/tokenizer/output-1478650163.72/bookkeeping_projs/bookkeeping-proj-3.projs
[INFO] (2016-11-08 16:09:23,826) Importing from bin/tokenizer/output-1478650163.72/bookkeeping_projs/bookkeeping-proj-4.projs
[INFO] (2016-11-08 16:09:23,826) Importing from bin/tokenizer/output-1478650163.72/bookkeeping_projs/bookkeeping-proj-5.projs
[INFO] (2016-11-08 16:09:23,827) Importing from bin/tokenizer/output-1478650163.72/bookkeeping_projs/bookkeeping-proj-6.projs
[INFO] (2016-11-08 16:09:23,827) Importing from bin/tokenizer/output-1478650163.72/files_stats/files-stats-5.stats
[INFO] (2016-11-08 16:09:23,828) Importing from bin/tokenizer/output-1478650163.72/files_stats/files-stats-4.stats
[INFO] (2016-11-08 16:09:23,831) Importing from bin/tokenizer/output-1478650163.72/files_stats/files-stats-3.stats
[INFO] (2016-11-08 16:09:23,832) Importing from bin/tokenizer/output-1478650163.72/files_stats/files-stats-2.stats
[INFO] (2016-11-08 16:09:23,834) Importing from bin/tokenizer/output-1478650163.72/files_stats/files-stats-0.stats
[INFO] (2016-11-08 16:09:23,835) Importing from bin/tokenizer/output-1478650163.72/files_stats/files-stats-6.stats
[INFO] (2016-11-08 16:09:23,835) Importing from bin/tokenizer/output-1478650163.72/files_stats/files-stats-1.stats
[INFO] (2016-11-08 16:09:23,847) Importing from bin/tokenizer/output-1478650163.72/files_tokens/files-tokens-1.tokens
[INFO] (2016-11-08 16:09:23,857) Importing from bin/tokenizer/output-1478650163.72/files_tokens/files-tokens-2.tokens
[INFO] (2016-11-08 16:09:23,859) Importing from bin/tokenizer/output-1478650163.72/files_tokens/files-tokens-5.tokens
[INFO] (2016-11-08 16:09:23,860) Importing from bin/tokenizer/output-1478650163.72/files_tokens/files-tokens-6.tokens
[INFO] (2016-11-08 16:09:23,860) Importing from bin/tokenizer/output-1478650163.72/files_tokens/files-tokens-0.tokens
[INFO] (2016-11-08 16:09:23,861) Importing from bin/tokenizer/output-1478650163.72/files_tokens/files-tokens-4.tokens
[INFO] (2016-11-08 16:09:23,862) Importing from bin/tokenizer/output-1478650163.72/files_tokens/files-tokens-3.tokens
[INFO] (2016-11-08 16:09:23,863) All information successfully imported to database
