[INFO] (2016-11-08 15:50:00,514) Config file successfully read
[INFO] (2016-11-08 15:50:00,535) Connection to database 'TEMPLeidos' successful
[INFO] (2016-11-08 15:50:00,535) Database 'TEMPLeidos' successfully initialized
[INFO] (2016-11-08 15:50:00,535) Starting tokenizer
[INFO] (2016-11-08 15:50:00,536) Project ids start at 1 and file ids start at 1
[INFO] (2016-11-08 15:50:00,536) Editing tokenizer config file in 'bin/tokenizer/config.ini'
[INFO] (2016-11-08 15:50:00,536) Starting tokenizer, output in 'bin/tokenizer/output-1478649000.54'
[INFO] (2016-11-08 15:50:00,657) Tokenizer finished
[INFO] (2016-11-08 15:50:00,658) Starting importing to database 'TEMPLeidos' from folder 'bin/tokenizer/output-1478649000.54'
[INFO] (2016-11-08 15:50:00,658) Importing from bin/tokenizer/output-1478649000.54/bookkeeping_projs/bookkeeping-proj-1.projs
[INFO] (2016-11-08 15:50:00,664) Importing from bin/tokenizer/output-1478649000.54/bookkeeping_projs/bookkeeping-proj-2.projs
[INFO] (2016-11-08 15:50:00,665) Importing from bin/tokenizer/output-1478649000.54/bookkeeping_projs/bookkeeping-proj-0.projs
[INFO] (2016-11-08 15:50:00,665) Importing from bin/tokenizer/output-1478649000.54/bookkeeping_projs/bookkeeping-proj-3.projs
[INFO] (2016-11-08 15:50:00,665) Importing from bin/tokenizer/output-1478649000.54/bookkeeping_projs/bookkeeping-proj-4.projs
[INFO] (2016-11-08 15:50:00,665) Importing from bin/tokenizer/output-1478649000.54/bookkeeping_projs/bookkeeping-proj-5.projs
[INFO] (2016-11-08 15:50:00,665) Importing from bin/tokenizer/output-1478649000.54/bookkeeping_projs/bookkeeping-proj-6.projs
[INFO] (2016-11-08 15:50:00,666) Importing from bin/tokenizer/output-1478649000.54/files_stats/files-stats-5.stats
[INFO] (2016-11-08 15:50:00,666) Importing from bin/tokenizer/output-1478649000.54/files_stats/files-stats-4.stats
[INFO] (2016-11-08 15:50:00,668) Importing from bin/tokenizer/output-1478649000.54/files_stats/files-stats-3.stats
[INFO] (2016-11-08 15:50:00,669) Importing from bin/tokenizer/output-1478649000.54/files_stats/files-stats-2.stats
[INFO] (2016-11-08 15:50:00,671) Importing from bin/tokenizer/output-1478649000.54/files_stats/files-stats-0.stats
[INFO] (2016-11-08 15:50:00,672) Importing from bin/tokenizer/output-1478649000.54/files_stats/files-stats-6.stats
[INFO] (2016-11-08 15:50:00,672) Importing from bin/tokenizer/output-1478649000.54/files_stats/files-stats-1.stats
[INFO] (2016-11-08 15:50:00,680) Importing from bin/tokenizer/output-1478649000.54/files_tokens/files-tokens-1.tokens
[INFO] (2016-11-08 15:50:00,687) Importing from bin/tokenizer/output-1478649000.54/files_tokens/files-tokens-2.tokens
[INFO] (2016-11-08 15:50:00,689) Importing from bin/tokenizer/output-1478649000.54/files_tokens/files-tokens-5.tokens
[INFO] (2016-11-08 15:50:00,690) Importing from bin/tokenizer/output-1478649000.54/files_tokens/files-tokens-6.tokens
[INFO] (2016-11-08 15:50:00,690) Importing from bin/tokenizer/output-1478649000.54/files_tokens/files-tokens-0.tokens
[INFO] (2016-11-08 15:50:00,691) Importing from bin/tokenizer/output-1478649000.54/files_tokens/files-tokens-4.tokens
[INFO] (2016-11-08 15:50:00,692) Importing from bin/tokenizer/output-1478649000.54/files_tokens/files-tokens-3.tokens
