[INFO] (2016-11-08 16:09:24,561) Config file successfully read
[INFO] (2016-11-08 16:09:24,583) Connection to database 'TEMPLeidos' successful
[INFO] (2016-11-08 16:09:24,583) Database 'TEMPLeidos' successfully initialized
[INFO] (2016-11-08 16:09:24,583) Starting tokenizer
[INFO] (2016-11-08 16:09:24,583) Project ids start at 2700000028 and file ids start at 123
[INFO] (2016-11-08 16:09:24,583) Editing tokenizer config file in 'bin/tokenizer/config.ini'
[INFO] (2016-11-08 16:09:24,584) Starting tokenizer, output in 'bin/tokenizer/output-1478650164.58'
[INFO] (2016-11-08 16:09:24,696) Tokenizer finished
[INFO] (2016-11-08 16:09:24,696) Starting importing to database 'TEMPLeidos' from folder 'bin/tokenizer/output-1478650164.58'
[INFO] (2016-11-08 16:09:24,697) Importing from bin/tokenizer/output-1478650164.58/bookkeeping_projs/bookkeeping-proj-1.projs
[INFO] (2016-11-08 16:09:24,697) Importing from bin/tokenizer/output-1478650164.58/bookkeeping_projs/bookkeeping-proj-2.projs
[INFO] (2016-11-08 16:09:24,697) Importing from bin/tokenizer/output-1478650164.58/bookkeeping_projs/bookkeeping-proj-0.projs
[INFO] (2016-11-08 16:09:24,697) Importing from bin/tokenizer/output-1478650164.58/bookkeeping_projs/bookkeeping-proj-3.projs
[INFO] (2016-11-08 16:09:24,698) Importing from bin/tokenizer/output-1478650164.58/bookkeeping_projs/bookkeeping-proj-4.projs
[INFO] (2016-11-08 16:09:24,698) Importing from bin/tokenizer/output-1478650164.58/bookkeeping_projs/bookkeeping-proj-5.projs
[INFO] (2016-11-08 16:09:24,698) Importing from bin/tokenizer/output-1478650164.58/bookkeeping_projs/bookkeeping-proj-6.projs
[INFO] (2016-11-08 16:09:24,698) Importing from bin/tokenizer/output-1478650164.58/files_stats/files-stats-5.stats
[INFO] (2016-11-08 16:09:24,699) Importing from bin/tokenizer/output-1478650164.58/files_stats/files-stats-4.stats
[INFO] (2016-11-08 16:09:24,701) Importing from bin/tokenizer/output-1478650164.58/files_stats/files-stats-3.stats
[INFO] (2016-11-08 16:09:24,702) Importing from bin/tokenizer/output-1478650164.58/files_stats/files-stats-2.stats
[INFO] (2016-11-08 16:09:24,703) Importing from bin/tokenizer/output-1478650164.58/files_stats/files-stats-0.stats
[INFO] (2016-11-08 16:09:24,704) Importing from bin/tokenizer/output-1478650164.58/files_stats/files-stats-6.stats
[INFO] (2016-11-08 16:09:24,704) Importing from bin/tokenizer/output-1478650164.58/files_stats/files-stats-1.stats
[INFO] (2016-11-08 16:09:24,714) Importing from bin/tokenizer/output-1478650164.58/files_tokens/files-tokens-1.tokens
[INFO] (2016-11-08 16:09:24,722) Importing from bin/tokenizer/output-1478650164.58/files_tokens/files-tokens-2.tokens
[INFO] (2016-11-08 16:09:24,723) Importing from bin/tokenizer/output-1478650164.58/files_tokens/files-tokens-5.tokens
[INFO] (2016-11-08 16:09:24,724) Importing from bin/tokenizer/output-1478650164.58/files_tokens/files-tokens-6.tokens
[INFO] (2016-11-08 16:09:24,725) Importing from bin/tokenizer/output-1478650164.58/files_tokens/files-tokens-0.tokens
[INFO] (2016-11-08 16:09:24,725) Importing from bin/tokenizer/output-1478650164.58/files_tokens/files-tokens-4.tokens
[INFO] (2016-11-08 16:09:24,727) Importing from bin/tokenizer/output-1478650164.58/files_tokens/files-tokens-3.tokens
[INFO] (2016-11-08 16:09:24,727) All information successfully imported to database
