[INFO] (2016-11-08 16:43:03,847) Config file successfully read
[INFO] (2016-11-08 16:43:03,873) Connection to database 'TEMPLeidos' successful
[INFO] (2016-11-08 16:43:03,873) Database 'TEMPLeidos' successfully initialized
[INFO] (2016-11-08 16:43:03,873) Starting tokenizer
[INFO] (2016-11-08 16:43:03,873) Project ids start at 300000004 and file ids start at 14
[INFO] (2016-11-08 16:43:03,873) Editing tokenizer config file in 'bin/tokenizer/config.ini'
[INFO] (2016-11-08 16:43:03,874) Starting tokenizer, output in 'bin/tokenizer/output-1478652183.87'
[INFO] (2016-11-08 16:43:04,002) Tokenizer finished
[INFO] (2016-11-08 16:43:04,002) Starting importing to database 'TEMPLeidos' from folder 'bin/tokenizer/output-1478652183.87'
[INFO] (2016-11-08 16:43:04,003) Importing from bin/tokenizer/output-1478652183.87/bookkeeping_projs/bookkeeping-proj-1.projs
[INFO] (2016-11-08 16:43:04,003) Importing from bin/tokenizer/output-1478652183.87/bookkeeping_projs/bookkeeping-proj-2.projs
[INFO] (2016-11-08 16:43:04,003) Importing from bin/tokenizer/output-1478652183.87/bookkeeping_projs/bookkeeping-proj-0.projs
[INFO] (2016-11-08 16:43:04,003) Importing from bin/tokenizer/output-1478652183.87/bookkeeping_projs/bookkeeping-proj-3.projs
[INFO] (2016-11-08 16:43:04,004) Importing from bin/tokenizer/output-1478652183.87/bookkeeping_projs/bookkeeping-proj-4.projs
[INFO] (2016-11-08 16:43:04,004) Importing from bin/tokenizer/output-1478652183.87/bookkeeping_projs/bookkeeping-proj-5.projs
[INFO] (2016-11-08 16:43:04,004) Importing from bin/tokenizer/output-1478652183.87/bookkeeping_projs/bookkeeping-proj-6.projs
[INFO] (2016-11-08 16:43:04,004) Importing from bin/tokenizer/output-1478652183.87/files_stats/files-stats-5.stats
[INFO] (2016-11-08 16:43:04,005) Importing from bin/tokenizer/output-1478652183.87/files_stats/files-stats-4.stats
[INFO] (2016-11-08 16:43:04,008) Importing from bin/tokenizer/output-1478652183.87/files_stats/files-stats-3.stats
[INFO] (2016-11-08 16:43:04,009) Importing from bin/tokenizer/output-1478652183.87/files_stats/files-stats-2.stats
[INFO] (2016-11-08 16:43:04,011) Importing from bin/tokenizer/output-1478652183.87/files_stats/files-stats-0.stats
[INFO] (2016-11-08 16:43:04,011) Importing from bin/tokenizer/output-1478652183.87/files_stats/files-stats-6.stats
[INFO] (2016-11-08 16:43:04,011) Importing from bin/tokenizer/output-1478652183.87/files_stats/files-stats-1.stats
[INFO] (2016-11-08 16:43:04,020) Importing from bin/tokenizer/output-1478652183.87/files_tokens/files-tokens-1.tokens
[INFO] (2016-11-08 16:43:04,029) Importing from bin/tokenizer/output-1478652183.87/files_tokens/files-tokens-2.tokens
[INFO] (2016-11-08 16:43:04,030) Importing from bin/tokenizer/output-1478652183.87/files_tokens/files-tokens-5.tokens
[INFO] (2016-11-08 16:43:04,031) Importing from bin/tokenizer/output-1478652183.87/files_tokens/files-tokens-6.tokens
[INFO] (2016-11-08 16:43:04,031) Importing from bin/tokenizer/output-1478652183.87/files_tokens/files-tokens-0.tokens
[INFO] (2016-11-08 16:43:04,032) Importing from bin/tokenizer/output-1478652183.87/files_tokens/files-tokens-4.tokens
[INFO] (2016-11-08 16:43:04,033) Importing from bin/tokenizer/output-1478652183.87/files_tokens/files-tokens-3.tokens
[INFO] (2016-11-08 16:43:04,034) All information successfully imported to database
