[INFO] (2016-11-09 12:49:31,066) Config file successfully read
[INFO] (2016-11-09 12:49:31,089) Connection to database 'TEMPLeidos' successful
[INFO] (2016-11-09 12:49:31,089) Database 'TEMPLeidos' successfully initialized
[INFO] (2016-11-09 12:49:31,089) Starting tokenizer
[INFO] (2016-11-09 12:49:31,089) Project ids start at 1 and file ids start at 1
[INFO] (2016-11-09 12:49:31,089) Editing tokenizer config file in 'bin/tokenizer/config.ini'
[INFO] (2016-11-09 12:49:31,091) Starting tokenizer, output in 'bin/tokenizer/output-1478724571.09'
[INFO] (2016-11-09 12:49:31,202) Tokenizer finished
[INFO] (2016-11-09 12:49:31,202) Starting importing to database 'TEMPLeidos' from folder 'bin/tokenizer/output-1478724571.09'
[INFO] (2016-11-09 12:49:31,203) Importing from bin/tokenizer/output-1478724571.09/bookkeeping_projs/bookkeeping-proj-1.projs
[INFO] (2016-11-09 12:49:31,203) Importing from bin/tokenizer/output-1478724571.09/bookkeeping_projs/bookkeeping-proj-2.projs
[INFO] (2016-11-09 12:49:31,204) Importing from bin/tokenizer/output-1478724571.09/bookkeeping_projs/bookkeeping-proj-0.projs
[INFO] (2016-11-09 12:49:31,204) Importing from bin/tokenizer/output-1478724571.09/bookkeeping_projs/bookkeeping-proj-3.projs
[INFO] (2016-11-09 12:49:31,204) Importing from bin/tokenizer/output-1478724571.09/bookkeeping_projs/bookkeeping-proj-4.projs
[INFO] (2016-11-09 12:49:31,204) Importing from bin/tokenizer/output-1478724571.09/bookkeeping_projs/bookkeeping-proj-5.projs
[INFO] (2016-11-09 12:49:31,205) Importing from bin/tokenizer/output-1478724571.09/bookkeeping_projs/bookkeeping-proj-6.projs
[INFO] (2016-11-09 12:49:31,205) Importing from bin/tokenizer/output-1478724571.09/files_stats/files-stats-5.stats
[INFO] (2016-11-09 12:49:31,206) Importing from bin/tokenizer/output-1478724571.09/files_stats/files-stats-4.stats
[INFO] (2016-11-09 12:49:31,207) Importing from bin/tokenizer/output-1478724571.09/files_stats/files-stats-3.stats
[INFO] (2016-11-09 12:49:31,208) Importing from bin/tokenizer/output-1478724571.09/files_stats/files-stats-2.stats
[INFO] (2016-11-09 12:49:31,210) Importing from bin/tokenizer/output-1478724571.09/files_stats/files-stats-0.stats
[INFO] (2016-11-09 12:49:31,210) Importing from bin/tokenizer/output-1478724571.09/files_stats/files-stats-6.stats
[INFO] (2016-11-09 12:49:31,211) Importing from bin/tokenizer/output-1478724571.09/files_stats/files-stats-1.stats
[INFO] (2016-11-09 12:49:31,219) Importing from bin/tokenizer/output-1478724571.09/files_tokens/files-tokens-1.tokens
[INFO] (2016-11-09 12:49:31,227) Importing from bin/tokenizer/output-1478724571.09/files_tokens/files-tokens-2.tokens
[INFO] (2016-11-09 12:49:31,228) Importing from bin/tokenizer/output-1478724571.09/files_tokens/files-tokens-5.tokens
[INFO] (2016-11-09 12:49:31,229) Importing from bin/tokenizer/output-1478724571.09/files_tokens/files-tokens-6.tokens
[INFO] (2016-11-09 12:49:31,229) Importing from bin/tokenizer/output-1478724571.09/files_tokens/files-tokens-0.tokens
[INFO] (2016-11-09 12:49:31,230) Importing from bin/tokenizer/output-1478724571.09/files_tokens/files-tokens-4.tokens
[INFO] (2016-11-09 12:49:31,231) Importing from bin/tokenizer/output-1478724571.09/files_tokens/files-tokens-3.tokens
[INFO] (2016-11-09 12:49:31,232) All information successfully imported to database
