[INFO] (2016-11-08 16:42:05,655) Config file successfully read
[INFO] (2016-11-08 16:42:05,678) Connection to database 'TEMPLeidos' successful
[INFO] (2016-11-08 16:42:05,678) Database 'TEMPLeidos' successfully initialized
[INFO] (2016-11-08 16:42:05,678) Starting tokenizer
[INFO] (2016-11-08 16:42:05,679) Project ids start at 1800000019 and file ids start at 79
[INFO] (2016-11-08 16:42:05,679) Editing tokenizer config file in 'bin/tokenizer/config.ini'
[INFO] (2016-11-08 16:42:05,679) Starting tokenizer, output in 'bin/tokenizer/output-1478652125.68'
[INFO] (2016-11-08 16:42:05,790) Tokenizer finished
[INFO] (2016-11-08 16:42:05,790) Starting importing to database 'TEMPLeidos' from folder 'bin/tokenizer/output-1478652125.68'
[INFO] (2016-11-08 16:42:05,790) Importing from bin/tokenizer/output-1478652125.68/bookkeeping_projs/bookkeeping-proj-1.projs
[INFO] (2016-11-08 16:42:05,791) Importing from bin/tokenizer/output-1478652125.68/bookkeeping_projs/bookkeeping-proj-2.projs
[INFO] (2016-11-08 16:42:05,791) Importing from bin/tokenizer/output-1478652125.68/bookkeeping_projs/bookkeeping-proj-0.projs
[INFO] (2016-11-08 16:42:05,791) Importing from bin/tokenizer/output-1478652125.68/bookkeeping_projs/bookkeeping-proj-3.projs
[INFO] (2016-11-08 16:42:05,791) Importing from bin/tokenizer/output-1478652125.68/bookkeeping_projs/bookkeeping-proj-4.projs
[INFO] (2016-11-08 16:42:05,792) Importing from bin/tokenizer/output-1478652125.68/bookkeeping_projs/bookkeeping-proj-5.projs
[INFO] (2016-11-08 16:42:05,792) Importing from bin/tokenizer/output-1478652125.68/bookkeeping_projs/bookkeeping-proj-6.projs
[INFO] (2016-11-08 16:42:05,792) Importing from bin/tokenizer/output-1478652125.68/files_stats/files-stats-5.stats
[INFO] (2016-11-08 16:42:05,793) Importing from bin/tokenizer/output-1478652125.68/files_stats/files-stats-4.stats
[INFO] (2016-11-08 16:42:05,795) Importing from bin/tokenizer/output-1478652125.68/files_stats/files-stats-3.stats
[INFO] (2016-11-08 16:42:05,795) Importing from bin/tokenizer/output-1478652125.68/files_stats/files-stats-2.stats
[INFO] (2016-11-08 16:42:05,797) Importing from bin/tokenizer/output-1478652125.68/files_stats/files-stats-0.stats
[INFO] (2016-11-08 16:42:05,798) Importing from bin/tokenizer/output-1478652125.68/files_stats/files-stats-6.stats
[INFO] (2016-11-08 16:42:05,798) Importing from bin/tokenizer/output-1478652125.68/files_stats/files-stats-1.stats
[INFO] (2016-11-08 16:42:05,807) Importing from bin/tokenizer/output-1478652125.68/files_tokens/files-tokens-1.tokens
[INFO] (2016-11-08 16:42:05,815) Importing from bin/tokenizer/output-1478652125.68/files_tokens/files-tokens-2.tokens
[INFO] (2016-11-08 16:42:05,817) Importing from bin/tokenizer/output-1478652125.68/files_tokens/files-tokens-5.tokens
[INFO] (2016-11-08 16:42:05,817) Importing from bin/tokenizer/output-1478652125.68/files_tokens/files-tokens-6.tokens
[INFO] (2016-11-08 16:42:05,818) Importing from bin/tokenizer/output-1478652125.68/files_tokens/files-tokens-0.tokens
[INFO] (2016-11-08 16:42:05,818) Importing from bin/tokenizer/output-1478652125.68/files_tokens/files-tokens-4.tokens
[INFO] (2016-11-08 16:42:05,820) Importing from bin/tokenizer/output-1478652125.68/files_tokens/files-tokens-3.tokens
[INFO] (2016-11-08 16:42:05,821) All information successfully imported to database
